[00:26:42] [ServerMain/INFO]: Environment: authHost='https://authserver.mojang.com', accountsHost='https://api.mojang.com', sessionHost='https://sessionserver.mojang.com', servicesHost='https://api.minecraftservices.com', name='PROD'
[00:26:44] [ServerMain/INFO]: Loaded 7 recipes
[00:26:45] [Server thread/INFO]: Starting minecraft server version 1.20.1
[00:26:45] [Server thread/INFO]: Loading properties
[00:26:45] [Server thread/INFO]: This server is running Paper version git-Paper-196 (MC: 1.20.1) (Implementing API version 1.20.1-R0.1-SNAPSHOT) (Git: 773dd72)
[00:26:46] [Server thread/INFO]: Server Ping Player Sample Count: 12
[00:26:46] [Server thread/INFO]: Using 4 threads for Netty based IO
[00:26:46] [Server thread/WARN]: [!] The timings profiler has been enabled but has been scheduled for removal from Paper in the future.
    We recommend installing the spark profiler as a replacement: https://spark.lucko.me/
    For more information please visit: https://github.com/PaperMC/Paper/issues/8948
[00:26:46] [Server thread/INFO]: [ChunkTaskScheduler] Chunk system is using 1 I/O threads, 3 worker threads, and gen parallelism of 3 threads
[00:26:46] [Server thread/INFO]: Default game type: SURVIVAL
[00:26:46] [Server thread/INFO]: Generating keypair
[00:26:46] [Server thread/INFO]: Starting Minecraft server on *:25565
[00:26:46] [Server thread/INFO]: Using epoll channel type
[00:26:46] [Server thread/INFO]: Paper: Using libdeflate (Linux x86_64) compression from Velocity.
[00:26:46] [Server thread/INFO]: Paper: Using OpenSSL 3.0.x (Linux x86_64) cipher from Velocity.
[00:26:46] [Server thread/INFO]: [SpigotLibraryLoader] [BentoBox] Loading 5 libraries... please wait
[00:26:46] [Server thread/INFO]: [SpigotLibraryLoader] [BentoBox] Loaded library /data/libraries/mysql/mysql-connector-java/8.0.27/mysql-connector-java-8.0.27.jar
[00:26:46] [Server thread/INFO]: [SpigotLibraryLoader] [BentoBox] Loaded library /data/libraries/com/google/protobuf/protobuf-java/3.11.4/protobuf-java-3.11.4.jar
[00:26:46] [Server thread/INFO]: [SpigotLibraryLoader] [BentoBox] Loaded library /data/libraries/org/mariadb/jdbc/mariadb-java-client/3.0.5/mariadb-java-client-3.0.5.jar
[00:26:46] [Server thread/INFO]: [SpigotLibraryLoader] [BentoBox] Loaded library /data/libraries/org/postgresql/postgresql/42.2.18/postgresql-42.2.18.jar
[00:26:46] [Server thread/INFO]: [SpigotLibraryLoader] [BentoBox] Loaded library /data/libraries/org/checkerframework/checker-qual/3.5.0/checker-qual-3.5.0.jar
[00:26:46] [Server thread/INFO]: [SpigotLibraryLoader] [BentoBox] Loaded library /data/libraries/org/mongodb/mongodb-driver/3.12.12/mongodb-driver-3.12.12.jar
[00:26:46] [Server thread/INFO]: [SpigotLibraryLoader] [BentoBox] Loaded library /data/libraries/org/mongodb/bson/3.12.12/bson-3.12.12.jar
[00:26:46] [Server thread/INFO]: [SpigotLibraryLoader] [BentoBox] Loaded library /data/libraries/org/mongodb/mongodb-driver-core/3.12.12/mongodb-driver-core-3.12.12.jar
[00:26:46] [Server thread/INFO]: [SpigotLibraryLoader] [BentoBox] Loaded library /data/libraries/com/zaxxer/HikariCP/5.0.1/HikariCP-5.0.1.jar
[00:26:46] [Server thread/INFO]: [SpigotLibraryLoader] [BentoBox] Loaded library /data/libraries/org/slf4j/slf4j-api/2.0.0-alpha1/slf4j-api-2.0.0-alpha1.jar
[00:26:47] [Server thread/INFO]: [BentoBox] Loading server plugin BentoBox v2.3.0
[00:26:47] [Server thread/INFO]: [Multiverse-Core] Loading server plugin Multiverse-Core v4.3.12
[00:26:47] [Server thread/INFO]: [WorldEdit] Loading server plugin WorldEdit v7.3.0+6678-55745ad
[00:26:48] [Server thread/INFO]: Got request to register class com.sk89q.worldedit.bukkit.BukkitServerInterface with WorldEdit [com.sk89q.worldedit.extension.platform.PlatformManager@62117819]
[00:26:48] [Server thread/INFO]: [Multiverse-Inventories] Loading server plugin Multiverse-Inventories v4.2.6
[00:26:48] [Server thread/INFO]: [Multiverse-Portals] Loading server plugin Multiverse-Portals v4.2.3
[00:26:48] [Server thread/INFO]: Server permissions file permissions.yml is empty, ignoring it
[00:26:48] [Server thread/INFO]: [BentoBox] Enabling BentoBox v2.3.0
[00:26:48] [Server thread/INFO]: [BentoBox] Loading Settings from config.yml...
[00:26:48] [Server thread/INFO]: [BentoBox] Saving default panels...
[00:26:50] [Server thread/INFO]: [BentoBox] Loading addons...
[00:26:50] [Server thread/INFO]: [BentoBox-Challenges] Loading server plugin BentoBox-Challenges v1.3.0
[00:26:50] [Server thread/INFO]: [BentoBox-Biomes] Loading server plugin BentoBox-Biomes v2.1.1
[00:26:51] [Server thread/INFO]: [BentoBox-Bank] Loading server plugin BentoBox-Bank v1.7.1
[00:26:51] [Server thread/INFO]: [BentoBox-Warps] Loading server plugin BentoBox-Warps v1.14.0
[00:26:51] [Server thread/INFO]: [BentoBox-BSkyBlock] Loading server plugin BentoBox-BSkyBlock v1.17.1
[00:26:51] [Server thread/INFO]: [BentoBox-Level] Loading server plugin BentoBox-Level v2.13.0
[00:26:51] [Server thread/INFO]: [BentoBox] Loaded 8 addons.
[00:26:51] [Server thread/INFO]: [WorldEdit] Enabling WorldEdit v7.3.0+6678-55745ad
[00:26:51] [Server thread/INFO]: Registering commands with com.sk89q.worldedit.bukkit.BukkitServerInterface
[00:26:51] [Server thread/INFO]: WEPIF: Using the Bukkit Permissions API.
[00:26:52] [Server thread/INFO]: Using com.sk89q.worldedit.bukkit.adapter.impl.v1_20_R1.PaperweightAdapter as the Bukkit adapter
[00:26:53] [Server thread/INFO]: Preparing level "world_void"
[00:26:54] [Server thread/INFO]: Preparing start region for dimension minecraft:overworld
[00:26:54] [Server thread/INFO]: Time elapsed: 250 ms
[00:26:54] [Server thread/INFO]: Preparing start region for dimension minecraft:the_nether
[00:26:54] [Server thread/INFO]: Time elapsed: 104 ms
[00:26:54] [Server thread/INFO]: Preparing start region for dimension minecraft:the_end
[00:26:54] [Server thread/INFO]: Time elapsed: 31 ms
[00:26:54] [Server thread/INFO]: [Multiverse-Core] Enabling Multiverse-Core v4.3.12
[00:26:54] [Server thread/WARN]: [Multiverse-Core] "Multiverse-Core v4.3.12" has registered a listener for org.bukkit.event.entity.EntityCreatePortalEvent on method "public void com.onarandombox.MultiverseCore.listeners.MVPortalListener.entityPortalCreate(org.bukkit.event.entity.EntityCreatePortalEvent)", but the event is Deprecated. "Server performance will be affected"; please notify the authors [dumptruckman, Rigby, fernferret, lithium3141, main--].
[00:26:54] [Server thread/INFO]: [Multiverse-Core] §aWe are aware of the warning about the deprecated event. There is no alternative that allows us to do what we need to do and performance impact is negligible. It is safe to ignore.
[00:26:55] [Server thread/INFO]: Preparing start region for dimension minecraft:bskyblock_world_nether
[00:26:55] [Server thread/INFO]: Time elapsed: 66 ms
[00:26:55] [Server thread/INFO]: Preparing start region for dimension minecraft:bskyblock_world_the_end
[00:26:55] [Server thread/INFO]: Time elapsed: 137 ms
[00:26:55] [Server thread/INFO]: Preparing start region for dimension minecraft:bskyblock_world
[00:26:55] [Server thread/INFO]: Time elapsed: 80 ms
[00:26:55] [Server thread/INFO]: [Multiverse-Core] 6 - World(s) loaded.
[00:26:55] [Server thread/WARN]: [Multiverse-Core] Buscript failed to load! The script command will be disabled! If you would like not to see this message, use `/mv conf enablebuscript false` to disable Buscript from loading.
[00:26:55] [Server thread/INFO]: [Multiverse-Core] Version 4.3.12 (API v24) Enabled - By dumptruckman, Rigby, fernferret, lithium3141 and main--
[00:26:55] [Server thread/INFO]: [Multiverse-Inventories] Enabling Multiverse-Inventories v4.2.6
[00:26:55] [Server thread/INFO]: [Multiverse-Inventories] The following worlds for group 'skyblock' are not loaded: bskyblock_world_the_emd
[00:26:55] [Server thread/INFO]: [Multiverse-Inventories 4.2.6] enabled.
[00:26:55] [Server thread/INFO]: [Multiverse-Portals] Enabling Multiverse-Portals v4.2.3
[00:26:55] [Server thread/INFO]: [Multiverse-Portals] 1 - Portals(s) loaded
[00:26:55] [Server thread/INFO]: [Multiverse-Portals] Found WorldEdit. Using it for selections.
[00:26:55] [Server thread/INFO]: [Multiverse-Portals 4.2.3]  Enabled - By Rigby and fernferret
[00:26:55] [Server thread/INFO]: Starting remote control listener
[00:26:55] [Server thread/INFO]: Thread RCON Listener started
[00:26:55] [Server thread/INFO]: RCON running on 0.0.0.0:25575
[00:26:55] [Server thread/INFO]: Running delayed init tasks
[00:26:55] [Server thread/INFO]: [BentoBox] Enabling game mode addons...
[00:26:55] [Server thread/INFO]: [BentoBox] Enabling BSkyBlock (1.17.1)...
[00:26:55] [Server thread/INFO]: [BentoBox] Enabling other addons...
[00:26:55] [Server thread/INFO]: [BentoBox] Enabling Level (2.13.0)...
[00:26:55] [Server thread/WARN]: [BentoBox] [Level] Level Addon: No such world in blockconfig.yml : caveblock-world
[00:26:55] [Server thread/WARN]: [BentoBox] [Level] Level Addon: No such world in blockconfig.yml : acidisland_world
[00:26:56] [Server thread/INFO]: [BentoBox] [Level] Level hooking into BSkyBlock
[00:26:56] [Server thread/INFO]: [BentoBox] Enabling Challenges (1.3.0)...
[00:26:56] [Server thread/INFO]: [BentoBox] [Challenges] Loading challenges...
[00:26:56] [Server thread/INFO]: [BentoBox] Enabling Biomes (2.1.1)...
[00:26:56] [Server thread/INFO]: [BentoBox] Loading biomes...
[00:26:56] [Server thread/INFO]: [BentoBox] Enabling DimensionalTrees (1.7.0)...
[00:26:56] [Server thread/INFO]: [BentoBox] Enabling Bank (1.7.1)...
[00:26:56] [Server thread/ERROR]: [BentoBox] [Bank] Vault is required - disabling Bank - please install the Vault plugin
[00:26:56] [Server thread/INFO]: [BentoBox] Bank is disabled.
[00:26:56] [Server thread/INFO]: [BentoBox] Enabling Warps (1.14.0)...
[00:26:56] [Server thread/INFO]: [BentoBox] [Warps] Loading warps...
[00:26:56] [Server thread/INFO]: [BentoBox] Enabling ControlPanel (1.13.1)...
[00:26:56] [Server thread/INFO]: [BentoBox] Loading control panels...
[00:26:56] [Server thread/INFO]: [BentoBox] Addons successfully enabled.
[00:26:56] [Server thread/INFO]: [BentoBox] Hooking with Multiverse-Core...
[00:26:56] [Server thread/INFO]: Multiverse already knows about 'bskyblock_world'!
[00:26:56] [Server thread/INFO]: Success! Property generator was set to BentoBox
[00:26:56] [Server thread/INFO]: Multiverse already knows about 'bskyblock_world_nether'!
[00:26:56] [Server thread/INFO]: Success! Property generator was set to BentoBox
[00:26:56] [Server thread/INFO]: Multiverse already knows about 'bskyblock_world_the_end'!
[00:26:56] [Server thread/INFO]: Success! Property generator was set to BentoBox
[00:26:56] [Server thread/INFO]: 
  ____             _        ____
 |  _ \           | |      |  _ \             by tastybento and Poslovitch
 | |_) | ___ _ __ | |_ ___ | |_) | _____  __  2017 - 2023
 |  _ < / _ \ '_ \| __/ _ \|  _ < / _ \ \/ /
 | |_) |  __/ | | | || (_) | |_) | (_) >  <   v2.3.0
 |____/ \___|_| |_|\__\___/|____/ \___/_/\_\  Loaded in 4132ms.

[00:26:56] [Server thread/INFO]: [Multiverse-Inventories] First run!
[00:26:56] [Server thread/INFO]: [BentoBox] Added world BSkyBlock (NORMAL)
[00:26:56] [Server thread/INFO]: Done (11.465s)! For help, type "help"
[00:26:56] [Server thread/INFO]: Timings Reset
[00:26:56] [Craft Scheduler Thread - 3 - BentoBox/INFO]: [BentoBox] Loaded Blueprint Bundle 'double_island' for BSkyBlock.
[00:26:56] [Craft Scheduler Thread - 3 - BentoBox/INFO]: [BentoBox] Loaded Blueprint Bundle 'harder_island' for BSkyBlock.
[00:26:56] [Craft Scheduler Thread - 3 - BentoBox/INFO]: [BentoBox] Loaded Blueprint Bundle 'default' for BSkyBlock.
[00:26:56] [Craft Scheduler Thread - 3 - BentoBox/INFO]: [BentoBox] Loaded Blueprint Bundle 'classic-island' for BSkyBlock.
[00:26:56] [Craft Scheduler Thread - 3 - BentoBox/INFO]: [BentoBox] Loaded blueprint 'island' for BSkyBlock
[00:26:56] [Craft Scheduler Thread - 3 - BentoBox/INFO]: [BentoBox] Loaded blueprint 'end-island' for BSkyBlock
[00:26:56] [Craft Scheduler Thread - 3 - BentoBox/INFO]: [BentoBox] Loaded blueprint 'nether-island' for BSkyBlock
[00:26:56] [Craft Scheduler Thread - 3 - BentoBox/ERROR]: [org.bukkit.configuration.serialization.ConfigurationSerialization] Could not call method 'public static org.bukkit.inventory.ItemStack org.bukkit.inventory.ItemStack.deserialize(java.util.Map)' of class org.bukkit.inventory.ItemStack for deserialization
java.lang.IllegalArgumentException: Newer version! Server downgrades are not supported!
	at com.google.common.base.Preconditions.checkArgument(Preconditions.java:145) ~[guava-31.1-jre.jar:?]
	at org.bukkit.craftbukkit.v1_20_R1.util.CraftMagicNumbers.getMaterial(CraftMagicNumbers.java:266) ~[paper-1.20.1.jar:git-Paper-196]
	at org.bukkit.inventory.ItemStack.deserialize(ItemStack.java:509) ~[paper-api-1.20.1-R0.1-SNAPSHOT.jar:?]
	at jdk.internal.reflect.DirectMethodHandleAccessor.invoke(Unknown Source) ~[?:?]
	at java.lang.reflect.Method.invoke(Unknown Source) ~[?:?]
	at org.bukkit.configuration.serialization.ConfigurationSerialization.deserializeViaMethod(ConfigurationSerialization.java:85) ~[paper-api-1.20.1-R0.1-SNAPSHOT.jar:?]
	at org.bukkit.configuration.serialization.ConfigurationSerialization.deserialize(ConfigurationSerialization.java:127) ~[paper-api-1.20.1-R0.1-SNAPSHOT.jar:?]
	at org.bukkit.configuration.serialization.ConfigurationSerialization.deserializeObject(ConfigurationSerialization.java:207) ~[paper-api-1.20.1-R0.1-SNAPSHOT.jar:?]
	at org.bukkit.configuration.file.YamlConstructor$ConstructCustomObject.construct(YamlConstructor.java:58) ~[paper-api-1.20.1-R0.1-SNAPSHOT.jar:?]
	at org.yaml.snakeyaml.constructor.BaseConstructor.constructObjectNoCheck(BaseConstructor.java:264) ~[snakeyaml-2.0.jar:?]
	at org.yaml.snakeyaml.constructor.BaseConstructor.constructObject(BaseConstructor.java:247) ~[snakeyaml-2.0.jar:?]
	at org.bukkit.configuration.file.YamlConstructor.construct(YamlConstructor.java:37) ~[paper-api-1.20.1-R0.1-SNAPSHOT.jar:?]
	at org.bukkit.configuration.file.YamlConfiguration.fromNodeTree(YamlConfiguration.java:163) ~[paper-api-1.20.1-R0.1-SNAPSHOT.jar:?]
	at org.bukkit.configuration.file.YamlConfiguration.loadFromString(YamlConfiguration.java:120) ~[paper-api-1.20.1-R0.1-SNAPSHOT.jar:?]
	at world.bentobox.bentobox.database.json.adapters.ItemStackTypeAdapter.read(ItemStackTypeAdapter.java:57) ~[BentoBox-2.3.0.jar:?]
	at world.bentobox.bentobox.database.json.adapters.ItemStackTypeAdapter.read(ItemStackTypeAdapter.java:24) ~[BentoBox-2.3.0.jar:?]
	at com.google.gson.internal.bind.TypeAdapterRuntimeTypeWrapper.read(TypeAdapterRuntimeTypeWrapper.java:40) ~[gson-2.10.jar:?]
	at com.google.gson.internal.bind.MapTypeAdapterFactory$Adapter.read(MapTypeAdapterFactory.java:186) ~[gson-2.10.jar:?]
	at com.google.gson.internal.bind.MapTypeAdapterFactory$Adapter.read(MapTypeAdapterFactory.java:144) ~[gson-2.10.jar:?]
	at com.google.gson.internal.bind.ReflectiveTypeAdapterFactory$1.readIntoField(ReflectiveTypeAdapterFactory.java:212) ~[gson-2.10.jar:?]
	at com.google.gson.internal.bind.ReflectiveTypeAdapterFactory$FieldReflectionAdapter.readField(ReflectiveTypeAdapterFactory.java:431) ~[gson-2.10.jar:?]
	at com.google.gson.internal.bind.ReflectiveTypeAdapterFactory$Adapter.read(ReflectiveTypeAdapterFactory.java:391) ~[gson-2.10.jar:?]
	at com.google.gson.internal.bind.TypeAdapterRuntimeTypeWrapper.read(TypeAdapterRuntimeTypeWrapper.java:40) ~[gson-2.10.jar:?]
	at com.google.gson.internal.bind.MapTypeAdapterFactory$Adapter.read(MapTypeAdapterFactory.java:173) ~[gson-2.10.jar:?]
	at com.google.gson.internal.bind.MapTypeAdapterFactory$Adapter.read(MapTypeAdapterFactory.java:144) ~[gson-2.10.jar:?]
	at com.google.gson.internal.bind.ReflectiveTypeAdapterFactory$1.readIntoField(ReflectiveTypeAdapterFactory.java:212) ~[gson-2.10.jar:?]
	at com.google.gson.internal.bind.ReflectiveTypeAdapterFactory$FieldReflectionAdapter.readField(ReflectiveTypeAdapterFactory.java:431) ~[gson-2.10.jar:?]
	at com.google.gson.internal.bind.ReflectiveTypeAdapterFactory$Adapter.read(ReflectiveTypeAdapterFactory.java:391) ~[gson-2.10.jar:?]
	at com.google.gson.Gson.fromJson(Gson.java:1214) ~[gson-2.10.jar:?]
	at com.google.gson.Gson.fromJson(Gson.java:1124) ~[gson-2.10.jar:?]
	at com.google.gson.Gson.fromJson(Gson.java:1062) ~[gson-2.10.jar:?]
	at world.bentobox.bentobox.managers.BlueprintClipboardManager.loadBlueprint(BlueprintClipboardManager.java:108) ~[BentoBox-2.3.0.jar:?]
	at world.bentobox.bentobox.managers.BlueprintsManager.loadBlueprints(BlueprintsManager.java:328) ~[BentoBox-2.3.0.jar:?]
	at world.bentobox.bentobox.managers.BlueprintsManager.lambda$loadBlueprintBundles$5(BlueprintsManager.java:200) ~[BentoBox-2.3.0.jar:?]
	at org.bukkit.craftbukkit.v1_20_R1.scheduler.CraftTask.run(CraftTask.java:101) ~[paper-1.20.1.jar:git-Paper-196]
	at org.bukkit.craftbukkit.v1_20_R1.scheduler.CraftAsyncTask.run(CraftAsyncTask.java:57) ~[paper-1.20.1.jar:git-Paper-196]
	at com.destroystokyo.paper.ServerSchedulerReportingWrapper.run(ServerSchedulerReportingWrapper.java:22) ~[paper-1.20.1.jar:?]
	at java.util.concurrent.ThreadPoolExecutor.runWorker(Unknown Source) ~[?:?]
	at java.util.concurrent.ThreadPoolExecutor$Worker.run(Unknown Source) ~[?:?]
	at java.lang.Thread.run(Unknown Source) ~[?:?]
[00:26:56] [Craft Scheduler Thread - 3 - BentoBox/ERROR]: [org.bukkit.configuration.serialization.ConfigurationSerialization] Could not call method 'public static org.bukkit.inventory.ItemStack org.bukkit.inventory.ItemStack.deserialize(java.util.Map)' of class org.bukkit.inventory.ItemStack for deserialization
java.lang.IllegalArgumentException: Newer version! Server downgrades are not supported!
	at com.google.common.base.Preconditions.checkArgument(Preconditions.java:145) ~[guava-31.1-jre.jar:?]
	at org.bukkit.craftbukkit.v1_20_R1.util.CraftMagicNumbers.getMaterial(CraftMagicNumbers.java:266) ~[paper-1.20.1.jar:git-Paper-196]
	at org.bukkit.inventory.ItemStack.deserialize(ItemStack.java:509) ~[paper-api-1.20.1-R0.1-SNAPSHOT.jar:?]
	at jdk.internal.reflect.DirectMethodHandleAccessor.invoke(Unknown Source) ~[?:?]
	at java.lang.reflect.Method.invoke(Unknown Source) ~[?:?]
	at org.bukkit.configuration.serialization.ConfigurationSerialization.deserializeViaMethod(ConfigurationSerialization.java:85) ~[paper-api-1.20.1-R0.1-SNAPSHOT.jar:?]
	at org.bukkit.configuration.serialization.ConfigurationSerialization.deserialize(ConfigurationSerialization.java:127) ~[paper-api-1.20.1-R0.1-SNAPSHOT.jar:?]
	at org.bukkit.configuration.serialization.ConfigurationSerialization.deserializeObject(ConfigurationSerialization.java:207) ~[paper-api-1.20.1-R0.1-SNAPSHOT.jar:?]
	at org.bukkit.configuration.file.YamlConstructor$ConstructCustomObject.construct(YamlConstructor.java:58) ~[paper-api-1.20.1-R0.1-SNAPSHOT.jar:?]
	at org.yaml.snakeyaml.constructor.BaseConstructor.constructObjectNoCheck(BaseConstructor.java:264) ~[snakeyaml-2.0.jar:?]
	at org.yaml.snakeyaml.constructor.BaseConstructor.constructObject(BaseConstructor.java:247) ~[snakeyaml-2.0.jar:?]
	at org.bukkit.configuration.file.YamlConstructor.construct(YamlConstructor.java:37) ~[paper-api-1.20.1-R0.1-SNAPSHOT.jar:?]
	at org.bukkit.configuration.file.YamlConfiguration.fromNodeTree(YamlConfiguration.java:163) ~[paper-api-1.20.1-R0.1-SNAPSHOT.jar:?]
	at org.bukkit.configuration.file.YamlConfiguration.loadFromString(YamlConfiguration.java:120) ~[paper-api-1.20.1-R0.1-SNAPSHOT.jar:?]
	at world.bentobox.bentobox.database.json.adapters.ItemStackTypeAdapter.read(ItemStackTypeAdapter.java:57) ~[BentoBox-2.3.0.jar:?]
	at world.bentobox.bentobox.database.json.adapters.ItemStackTypeAdapter.read(ItemStackTypeAdapter.java:24) ~[BentoBox-2.3.0.jar:?]
	at com.google.gson.internal.bind.TypeAdapterRuntimeTypeWrapper.read(TypeAdapterRuntimeTypeWrapper.java:40) ~[gson-2.10.jar:?]
	at com.google.gson.internal.bind.MapTypeAdapterFactory$Adapter.read(MapTypeAdapterFactory.java:186) ~[gson-2.10.jar:?]
	at com.google.gson.internal.bind.MapTypeAdapterFactory$Adapter.read(MapTypeAdapterFactory.java:144) ~[gson-2.10.jar:?]
	at com.google.gson.internal.bind.ReflectiveTypeAdapterFactory$1.readIntoField(ReflectiveTypeAdapterFactory.java:212) ~[gson-2.10.jar:?]
	at com.google.gson.internal.bind.ReflectiveTypeAdapterFactory$FieldReflectionAdapter.readField(ReflectiveTypeAdapterFactory.java:431) ~[gson-2.10.jar:?]
	at com.google.gson.internal.bind.ReflectiveTypeAdapterFactory$Adapter.read(ReflectiveTypeAdapterFactory.java:391) ~[gson-2.10.jar:?]
	at com.google.gson.internal.bind.TypeAdapterRuntimeTypeWrapper.read(TypeAdapterRuntimeTypeWrapper.java:40) ~[gson-2.10.jar:?]
	at com.google.gson.internal.bind.MapTypeAdapterFactory$Adapter.read(MapTypeAdapterFactory.java:173) ~[gson-2.10.jar:?]
	at com.google.gson.internal.bind.MapTypeAdapterFactory$Adapter.read(MapTypeAdapterFactory.java:144) ~[gson-2.10.jar:?]
	at com.google.gson.internal.bind.ReflectiveTypeAdapterFactory$1.readIntoField(ReflectiveTypeAdapterFactory.java:212) ~[gson-2.10.jar:?]
	at com.google.gson.internal.bind.ReflectiveTypeAdapterFactory$FieldReflectionAdapter.readField(ReflectiveTypeAdapterFactory.java:431) ~[gson-2.10.jar:?]
	at com.google.gson.internal.bind.ReflectiveTypeAdapterFactory$Adapter.read(ReflectiveTypeAdapterFactory.java:391) ~[gson-2.10.jar:?]
	at com.google.gson.Gson.fromJson(Gson.java:1214) ~[gson-2.10.jar:?]
	at com.google.gson.Gson.fromJson(Gson.java:1124) ~[gson-2.10.jar:?]
	at com.google.gson.Gson.fromJson(Gson.java:1062) ~[gson-2.10.jar:?]
	at world.bentobox.bentobox.managers.BlueprintClipboardManager.loadBlueprint(BlueprintClipboardManager.java:108) ~[BentoBox-2.3.0.jar:?]
	at world.bentobox.bentobox.managers.BlueprintsManager.loadBlueprints(BlueprintsManager.java:328) ~[BentoBox-2.3.0.jar:?]
	at world.bentobox.bentobox.managers.BlueprintsManager.lambda$loadBlueprintBundles$5(BlueprintsManager.java:200) ~[BentoBox-2.3.0.jar:?]
	at org.bukkit.craftbukkit.v1_20_R1.scheduler.CraftTask.run(CraftTask.java:101) ~[paper-1.20.1.jar:git-Paper-196]
	at org.bukkit.craftbukkit.v1_20_R1.scheduler.CraftAsyncTask.run(CraftAsyncTask.java:57) ~[paper-1.20.1.jar:git-Paper-196]
	at com.destroystokyo.paper.ServerSchedulerReportingWrapper.run(ServerSchedulerReportingWrapper.java:22) ~[paper-1.20.1.jar:?]
	at java.util.concurrent.ThreadPoolExecutor.runWorker(Unknown Source) ~[?:?]
	at java.util.concurrent.ThreadPoolExecutor$Worker.run(Unknown Source) ~[?:?]
	at java.lang.Thread.run(Unknown Source) ~[?:?]
[00:26:56] [Craft Scheduler Thread - 3 - BentoBox/ERROR]: [org.bukkit.configuration.serialization.ConfigurationSerialization] Could not call method 'public static org.bukkit.inventory.ItemStack org.bukkit.inventory.ItemStack.deserialize(java.util.Map)' of class org.bukkit.inventory.ItemStack for deserialization
java.lang.IllegalArgumentException: Newer version! Server downgrades are not supported!
	at com.google.common.base.Preconditions.checkArgument(Preconditions.java:145) ~[guava-31.1-jre.jar:?]
	at org.bukkit.craftbukkit.v1_20_R1.util.CraftMagicNumbers.getMaterial(CraftMagicNumbers.java:266) ~[paper-1.20.1.jar:git-Paper-196]
	at org.bukkit.inventory.ItemStack.deserialize(ItemStack.java:509) ~[paper-api-1.20.1-R0.1-SNAPSHOT.jar:?]
	at jdk.internal.reflect.DirectMethodHandleAccessor.invoke(Unknown Source) ~[?:?]
	at java.lang.reflect.Method.invoke(Unknown Source) ~[?:?]
	at org.bukkit.configuration.serialization.ConfigurationSerialization.deserializeViaMethod(ConfigurationSerialization.java:85) ~[paper-api-1.20.1-R0.1-SNAPSHOT.jar:?]
	at org.bukkit.configuration.serialization.ConfigurationSerialization.deserialize(ConfigurationSerialization.java:127) ~[paper-api-1.20.1-R0.1-SNAPSHOT.jar:?]
	at org.bukkit.configuration.serialization.ConfigurationSerialization.deserializeObject(ConfigurationSerialization.java:207) ~[paper-api-1.20.1-R0.1-SNAPSHOT.jar:?]
	at org.bukkit.configuration.file.YamlConstructor$ConstructCustomObject.construct(YamlConstructor.java:58) ~[paper-api-1.20.1-R0.1-SNAPSHOT.jar:?]
	at org.yaml.snakeyaml.constructor.BaseConstructor.constructObjectNoCheck(BaseConstructor.java:264) ~[snakeyaml-2.0.jar:?]
	at org.yaml.snakeyaml.constructor.BaseConstructor.constructObject(BaseConstructor.java:247) ~[snakeyaml-2.0.jar:?]
	at org.bukkit.configuration.file.YamlConstructor.construct(YamlConstructor.java:37) ~[paper-api-1.20.1-R0.1-SNAPSHOT.jar:?]
	at org.bukkit.configuration.file.YamlConfiguration.fromNodeTree(YamlConfiguration.java:163) ~[paper-api-1.20.1-R0.1-SNAPSHOT.jar:?]
	at org.bukkit.configuration.file.YamlConfiguration.loadFromString(YamlConfiguration.java:120) ~[paper-api-1.20.1-R0.1-SNAPSHOT.jar:?]
	at world.bentobox.bentobox.database.json.adapters.ItemStackTypeAdapter.read(ItemStackTypeAdapter.java:57) ~[BentoBox-2.3.0.jar:?]
	at world.bentobox.bentobox.database.json.adapters.ItemStackTypeAdapter.read(ItemStackTypeAdapter.java:24) ~[BentoBox-2.3.0.jar:?]
	at com.google.gson.internal.bind.TypeAdapterRuntimeTypeWrapper.read(TypeAdapterRuntimeTypeWrapper.java:40) ~[gson-2.10.jar:?]
	at com.google.gson.internal.bind.MapTypeAdapterFactory$Adapter.read(MapTypeAdapterFactory.java:186) ~[gson-2.10.jar:?]
	at com.google.gson.internal.bind.MapTypeAdapterFactory$Adapter.read(MapTypeAdapterFactory.java:144) ~[gson-2.10.jar:?]
	at com.google.gson.internal.bind.ReflectiveTypeAdapterFactory$1.readIntoField(ReflectiveTypeAdapterFactory.java:212) ~[gson-2.10.jar:?]
	at com.google.gson.internal.bind.ReflectiveTypeAdapterFactory$FieldReflectionAdapter.readField(ReflectiveTypeAdapterFactory.java:431) ~[gson-2.10.jar:?]
	at com.google.gson.internal.bind.ReflectiveTypeAdapterFactory$Adapter.read(ReflectiveTypeAdapterFactory.java:391) ~[gson-2.10.jar:?]
	at com.google.gson.internal.bind.TypeAdapterRuntimeTypeWrapper.read(TypeAdapterRuntimeTypeWrapper.java:40) ~[gson-2.10.jar:?]
	at com.google.gson.internal.bind.MapTypeAdapterFactory$Adapter.read(MapTypeAdapterFactory.java:173) ~[gson-2.10.jar:?]
	at com.google.gson.internal.bind.MapTypeAdapterFactory$Adapter.read(MapTypeAdapterFactory.java:144) ~[gson-2.10.jar:?]
	at com.google.gson.internal.bind.ReflectiveTypeAdapterFactory$1.readIntoField(ReflectiveTypeAdapterFactory.java:212) ~[gson-2.10.jar:?]
	at com.google.gson.internal.bind.ReflectiveTypeAdapterFactory$FieldReflectionAdapter.readField(ReflectiveTypeAdapterFactory.java:431) ~[gson-2.10.jar:?]
	at com.google.gson.internal.bind.ReflectiveTypeAdapterFactory$Adapter.read(ReflectiveTypeAdapterFactory.java:391) ~[gson-2.10.jar:?]
	at com.google.gson.Gson.fromJson(Gson.java:1214) ~[gson-2.10.jar:?]
	at com.google.gson.Gson.fromJson(Gson.java:1124) ~[gson-2.10.jar:?]
	at com.google.gson.Gson.fromJson(Gson.java:1062) ~[gson-2.10.jar:?]
	at world.bentobox.bentobox.managers.BlueprintClipboardManager.loadBlueprint(BlueprintClipboardManager.java:108) ~[BentoBox-2.3.0.jar:?]
	at world.bentobox.bentobox.managers.BlueprintsManager.loadBlueprints(BlueprintsManager.java:328) ~[BentoBox-2.3.0.jar:?]
	at world.bentobox.bentobox.managers.BlueprintsManager.lambda$loadBlueprintBundles$5(BlueprintsManager.java:200) ~[BentoBox-2.3.0.jar:?]
	at org.bukkit.craftbukkit.v1_20_R1.scheduler.CraftTask.run(CraftTask.java:101) ~[paper-1.20.1.jar:git-Paper-196]
	at org.bukkit.craftbukkit.v1_20_R1.scheduler.CraftAsyncTask.run(CraftAsyncTask.java:57) ~[paper-1.20.1.jar:git-Paper-196]
	at com.destroystokyo.paper.ServerSchedulerReportingWrapper.run(ServerSchedulerReportingWrapper.java:22) ~[paper-1.20.1.jar:?]
	at java.util.concurrent.ThreadPoolExecutor.runWorker(Unknown Source) ~[?:?]
	at java.util.concurrent.ThreadPoolExecutor$Worker.run(Unknown Source) ~[?:?]
	at java.lang.Thread.run(Unknown Source) ~[?:?]
[00:26:56] [Craft Scheduler Thread - 3 - BentoBox/ERROR]: [org.bukkit.configuration.serialization.ConfigurationSerialization] Could not call method 'public static org.bukkit.inventory.ItemStack org.bukkit.inventory.ItemStack.deserialize(java.util.Map)' of class org.bukkit.inventory.ItemStack for deserialization
java.lang.IllegalArgumentException: Newer version! Server downgrades are not supported!
	at com.google.common.base.Preconditions.checkArgument(Preconditions.java:145) ~[guava-31.1-jre.jar:?]
	at org.bukkit.craftbukkit.v1_20_R1.util.CraftMagicNumbers.getMaterial(CraftMagicNumbers.java:266) ~[paper-1.20.1.jar:git-Paper-196]
	at org.bukkit.inventory.ItemStack.deserialize(ItemStack.java:509) ~[paper-api-1.20.1-R0.1-SNAPSHOT.jar:?]
	at jdk.internal.reflect.DirectMethodHandleAccessor.invoke(Unknown Source) ~[?:?]
	at java.lang.reflect.Method.invoke(Unknown Source) ~[?:?]
	at org.bukkit.configuration.serialization.ConfigurationSerialization.deserializeViaMethod(ConfigurationSerialization.java:85) ~[paper-api-1.20.1-R0.1-SNAPSHOT.jar:?]
	at org.bukkit.configuration.serialization.ConfigurationSerialization.deserialize(ConfigurationSerialization.java:127) ~[paper-api-1.20.1-R0.1-SNAPSHOT.jar:?]
	at org.bukkit.configuration.serialization.ConfigurationSerialization.deserializeObject(ConfigurationSerialization.java:207) ~[paper-api-1.20.1-R0.1-SNAPSHOT.jar:?]
	at org.bukkit.configuration.file.YamlConstructor$ConstructCustomObject.construct(YamlConstructor.java:58) ~[paper-api-1.20.1-R0.1-SNAPSHOT.jar:?]
	at org.yaml.snakeyaml.constructor.BaseConstructor.constructObjectNoCheck(BaseConstructor.java:264) ~[snakeyaml-2.0.jar:?]
	at org.yaml.snakeyaml.constructor.BaseConstructor.constructObject(BaseConstructor.java:247) ~[snakeyaml-2.0.jar:?]
	at org.bukkit.configuration.file.YamlConstructor.construct(YamlConstructor.java:37) ~[paper-api-1.20.1-R0.1-SNAPSHOT.jar:?]
	at org.bukkit.configuration.file.YamlConfiguration.fromNodeTree(YamlConfiguration.java:163) ~[paper-api-1.20.1-R0.1-SNAPSHOT.jar:?]
	at org.bukkit.configuration.file.YamlConfiguration.loadFromString(YamlConfiguration.java:120) ~[paper-api-1.20.1-R0.1-SNAPSHOT.jar:?]
	at world.bentobox.bentobox.database.json.adapters.ItemStackTypeAdapter.read(ItemStackTypeAdapter.java:57) ~[BentoBox-2.3.0.jar:?]
	at world.bentobox.bentobox.database.json.adapters.ItemStackTypeAdapter.read(ItemStackTypeAdapter.java:24) ~[BentoBox-2.3.0.jar:?]
	at com.google.gson.internal.bind.TypeAdapterRuntimeTypeWrapper.read(TypeAdapterRuntimeTypeWrapper.java:40) ~[gson-2.10.jar:?]
	at com.google.gson.internal.bind.MapTypeAdapterFactory$Adapter.read(MapTypeAdapterFactory.java:186) ~[gson-2.10.jar:?]
	at com.google.gson.internal.bind.MapTypeAdapterFactory$Adapter.read(MapTypeAdapterFactory.java:144) ~[gson-2.10.jar:?]
	at com.google.gson.internal.bind.ReflectiveTypeAdapterFactory$1.readIntoField(ReflectiveTypeAdapterFactory.java:212) ~[gson-2.10.jar:?]
	at com.google.gson.internal.bind.ReflectiveTypeAdapterFactory$FieldReflectionAdapter.readField(ReflectiveTypeAdapterFactory.java:431) ~[gson-2.10.jar:?]
	at com.google.gson.internal.bind.ReflectiveTypeAdapterFactory$Adapter.read(ReflectiveTypeAdapterFactory.java:391) ~[gson-2.10.jar:?]
	at com.google.gson.internal.bind.TypeAdapterRuntimeTypeWrapper.read(TypeAdapterRuntimeTypeWrapper.java:40) ~[gson-2.10.jar:?]
	at com.google.gson.internal.bind.MapTypeAdapterFactory$Adapter.read(MapTypeAdapterFactory.java:173) ~[gson-2.10.jar:?]
	at com.google.gson.internal.bind.MapTypeAdapterFactory$Adapter.read(MapTypeAdapterFactory.java:144) ~[gson-2.10.jar:?]
	at com.google.gson.internal.bind.ReflectiveTypeAdapterFactory$1.readIntoField(ReflectiveTypeAdapterFactory.java:212) ~[gson-2.10.jar:?]
	at com.google.gson.internal.bind.ReflectiveTypeAdapterFactory$FieldReflectionAdapter.readField(ReflectiveTypeAdapterFactory.java:431) ~[gson-2.10.jar:?]
	at com.google.gson.internal.bind.ReflectiveTypeAdapterFactory$Adapter.read(ReflectiveTypeAdapterFactory.java:391) ~[gson-2.10.jar:?]
	at com.google.gson.Gson.fromJson(Gson.java:1214) ~[gson-2.10.jar:?]
	at com.google.gson.Gson.fromJson(Gson.java:1124) ~[gson-2.10.jar:?]
	at com.google.gson.Gson.fromJson(Gson.java:1062) ~[gson-2.10.jar:?]
	at world.bentobox.bentobox.managers.BlueprintClipboardManager.loadBlueprint(BlueprintClipboardManager.java:108) ~[BentoBox-2.3.0.jar:?]
	at world.bentobox.bentobox.managers.BlueprintsManager.loadBlueprints(BlueprintsManager.java:328) ~[BentoBox-2.3.0.jar:?]
	at world.bentobox.bentobox.managers.BlueprintsManager.lambda$loadBlueprintBundles$5(BlueprintsManager.java:200) ~[BentoBox-2.3.0.jar:?]
	at org.bukkit.craftbukkit.v1_20_R1.scheduler.CraftTask.run(CraftTask.java:101) ~[paper-1.20.1.jar:git-Paper-196]
	at org.bukkit.craftbukkit.v1_20_R1.scheduler.CraftAsyncTask.run(CraftAsyncTask.java:57) ~[paper-1.20.1.jar:git-Paper-196]
	at com.destroystokyo.paper.ServerSchedulerReportingWrapper.run(ServerSchedulerReportingWrapper.java:22) ~[paper-1.20.1.jar:?]
	at java.util.concurrent.ThreadPoolExecutor.runWorker(Unknown Source) ~[?:?]
	at java.util.concurrent.ThreadPoolExecutor$Worker.run(Unknown Source) ~[?:?]
	at java.lang.Thread.run(Unknown Source) ~[?:?]
[00:26:56] [Craft Scheduler Thread - 3 - BentoBox/ERROR]: [org.bukkit.configuration.serialization.ConfigurationSerialization] Could not call method 'public static org.bukkit.inventory.ItemStack org.bukkit.inventory.ItemStack.deserialize(java.util.Map)' of class org.bukkit.inventory.ItemStack for deserialization
java.lang.IllegalArgumentException: Newer version! Server downgrades are not supported!
	at com.google.common.base.Preconditions.checkArgument(Preconditions.java:145) ~[guava-31.1-jre.jar:?]
	at org.bukkit.craftbukkit.v1_20_R1.util.CraftMagicNumbers.getMaterial(CraftMagicNumbers.java:266) ~[paper-1.20.1.jar:git-Paper-196]
	at org.bukkit.inventory.ItemStack.deserialize(ItemStack.java:509) ~[paper-api-1.20.1-R0.1-SNAPSHOT.jar:?]
	at jdk.internal.reflect.DirectMethodHandleAccessor.invoke(Unknown Source) ~[?:?]
	at java.lang.reflect.Method.invoke(Unknown Source) ~[?:?]
	at org.bukkit.configuration.serialization.ConfigurationSerialization.deserializeViaMethod(ConfigurationSerialization.java:85) ~[paper-api-1.20.1-R0.1-SNAPSHOT.jar:?]
	at org.bukkit.configuration.serialization.ConfigurationSerialization.deserialize(ConfigurationSerialization.java:127) ~[paper-api-1.20.1-R0.1-SNAPSHOT.jar:?]
	at org.bukkit.configuration.serialization.ConfigurationSerialization.deserializeObject(ConfigurationSerialization.java:207) ~[paper-api-1.20.1-R0.1-SNAPSHOT.jar:?]
	at org.bukkit.configuration.file.YamlConstructor$ConstructCustomObject.construct(YamlConstructor.java:58) ~[paper-api-1.20.1-R0.1-SNAPSHOT.jar:?]
	at org.yaml.snakeyaml.constructor.BaseConstructor.constructObjectNoCheck(BaseConstructor.java:264) ~[snakeyaml-2.0.jar:?]
	at org.yaml.snakeyaml.constructor.BaseConstructor.constructObject(BaseConstructor.java:247) ~[snakeyaml-2.0.jar:?]
	at org.bukkit.configuration.file.YamlConstructor.construct(YamlConstructor.java:37) ~[paper-api-1.20.1-R0.1-SNAPSHOT.jar:?]
	at org.bukkit.configuration.file.YamlConfiguration.fromNodeTree(YamlConfiguration.java:163) ~[paper-api-1.20.1-R0.1-SNAPSHOT.jar:?]
	at org.bukkit.configuration.file.YamlConfiguration.loadFromString(YamlConfiguration.java:120) ~[paper-api-1.20.1-R0.1-SNAPSHOT.jar:?]
	at world.bentobox.bentobox.database.json.adapters.ItemStackTypeAdapter.read(ItemStackTypeAdapter.java:57) ~[BentoBox-2.3.0.jar:?]
	at world.bentobox.bentobox.database.json.adapters.ItemStackTypeAdapter.read(ItemStackTypeAdapter.java:24) ~[BentoBox-2.3.0.jar:?]
	at com.google.gson.internal.bind.TypeAdapterRuntimeTypeWrapper.read(TypeAdapterRuntimeTypeWrapper.java:40) ~[gson-2.10.jar:?]
	at com.google.gson.internal.bind.MapTypeAdapterFactory$Adapter.read(MapTypeAdapterFactory.java:186) ~[gson-2.10.jar:?]
	at com.google.gson.internal.bind.MapTypeAdapterFactory$Adapter.read(MapTypeAdapterFactory.java:144) ~[gson-2.10.jar:?]
	at com.google.gson.internal.bind.ReflectiveTypeAdapterFactory$1.readIntoField(ReflectiveTypeAdapterFactory.java:212) ~[gson-2.10.jar:?]
	at com.google.gson.internal.bind.ReflectiveTypeAdapterFactory$FieldReflectionAdapter.readField(ReflectiveTypeAdapterFactory.java:431) ~[gson-2.10.jar:?]
	at com.google.gson.internal.bind.ReflectiveTypeAdapterFactory$Adapter.read(ReflectiveTypeAdapterFactory.java:391) ~[gson-2.10.jar:?]
	at com.google.gson.internal.bind.TypeAdapterRuntimeTypeWrapper.read(TypeAdapterRuntimeTypeWrapper.java:40) ~[gson-2.10.jar:?]
	at com.google.gson.internal.bind.MapTypeAdapterFactory$Adapter.read(MapTypeAdapterFactory.java:173) ~[gson-2.10.jar:?]
	at com.google.gson.internal.bind.MapTypeAdapterFactory$Adapter.read(MapTypeAdapterFactory.java:144) ~[gson-2.10.jar:?]
	at com.google.gson.internal.bind.ReflectiveTypeAdapterFactory$1.readIntoField(ReflectiveTypeAdapterFactory.java:212) ~[gson-2.10.jar:?]
	at com.google.gson.internal.bind.ReflectiveTypeAdapterFactory$FieldReflectionAdapter.readField(ReflectiveTypeAdapterFactory.java:431) ~[gson-2.10.jar:?]
	at com.google.gson.internal.bind.ReflectiveTypeAdapterFactory$Adapter.read(ReflectiveTypeAdapterFactory.java:391) ~[gson-2.10.jar:?]
	at com.google.gson.Gson.fromJson(Gson.java:1214) ~[gson-2.10.jar:?]
	at com.google.gson.Gson.fromJson(Gson.java:1124) ~[gson-2.10.jar:?]
	at com.google.gson.Gson.fromJson(Gson.java:1062) ~[gson-2.10.jar:?]
	at world.bentobox.bentobox.managers.BlueprintClipboardManager.loadBlueprint(BlueprintClipboardManager.java:108) ~[BentoBox-2.3.0.jar:?]
	at world.bentobox.bentobox.managers.BlueprintsManager.loadBlueprints(BlueprintsManager.java:328) ~[BentoBox-2.3.0.jar:?]
	at world.bentobox.bentobox.managers.BlueprintsManager.lambda$loadBlueprintBundles$5(BlueprintsManager.java:200) ~[BentoBox-2.3.0.jar:?]
	at org.bukkit.craftbukkit.v1_20_R1.scheduler.CraftTask.run(CraftTask.java:101) ~[paper-1.20.1.jar:git-Paper-196]
	at org.bukkit.craftbukkit.v1_20_R1.scheduler.CraftAsyncTask.run(CraftAsyncTask.java:57) ~[paper-1.20.1.jar:git-Paper-196]
	at com.destroystokyo.paper.ServerSchedulerReportingWrapper.run(ServerSchedulerReportingWrapper.java:22) ~[paper-1.20.1.jar:?]
	at java.util.concurrent.ThreadPoolExecutor.runWorker(Unknown Source) ~[?:?]
	at java.util.concurrent.ThreadPoolExecutor$Worker.run(Unknown Source) ~[?:?]
	at java.lang.Thread.run(Unknown Source) ~[?:?]
[00:26:56] [Craft Scheduler Thread - 3 - BentoBox/ERROR]: [org.bukkit.configuration.serialization.ConfigurationSerialization] Could not call method 'public static org.bukkit.inventory.ItemStack org.bukkit.inventory.ItemStack.deserialize(java.util.Map)' of class org.bukkit.inventory.ItemStack for deserialization
java.lang.IllegalArgumentException: Newer version! Server downgrades are not supported!
	at com.google.common.base.Preconditions.checkArgument(Preconditions.java:145) ~[guava-31.1-jre.jar:?]
	at org.bukkit.craftbukkit.v1_20_R1.util.CraftMagicNumbers.getMaterial(CraftMagicNumbers.java:266) ~[paper-1.20.1.jar:git-Paper-196]
	at org.bukkit.inventory.ItemStack.deserialize(ItemStack.java:509) ~[paper-api-1.20.1-R0.1-SNAPSHOT.jar:?]
	at jdk.internal.reflect.DirectMethodHandleAccessor.invoke(Unknown Source) ~[?:?]
	at java.lang.reflect.Method.invoke(Unknown Source) ~[?:?]
	at org.bukkit.configuration.serialization.ConfigurationSerialization.deserializeViaMethod(ConfigurationSerialization.java:85) ~[paper-api-1.20.1-R0.1-SNAPSHOT.jar:?]
	at org.bukkit.configuration.serialization.ConfigurationSerialization.deserialize(ConfigurationSerialization.java:127) ~[paper-api-1.20.1-R0.1-SNAPSHOT.jar:?]
	at org.bukkit.configuration.serialization.ConfigurationSerialization.deserializeObject(ConfigurationSerialization.java:207) ~[paper-api-1.20.1-R0.1-SNAPSHOT.jar:?]
	at org.bukkit.configuration.file.YamlConstructor$ConstructCustomObject.construct(YamlConstructor.java:58) ~[paper-api-1.20.1-R0.1-SNAPSHOT.jar:?]
	at org.yaml.snakeyaml.constructor.BaseConstructor.constructObjectNoCheck(BaseConstructor.java:264) ~[snakeyaml-2.0.jar:?]
	at org.yaml.snakeyaml.constructor.BaseConstructor.constructObject(BaseConstructor.java:247) ~[snakeyaml-2.0.jar:?]
	at org.bukkit.configuration.file.YamlConstructor.construct(YamlConstructor.java:37) ~[paper-api-1.20.1-R0.1-SNAPSHOT.jar:?]
	at org.bukkit.configuration.file.YamlConfiguration.fromNodeTree(YamlConfiguration.java:163) ~[paper-api-1.20.1-R0.1-SNAPSHOT.jar:?]
	at org.bukkit.configuration.file.YamlConfiguration.loadFromString(YamlConfiguration.java:120) ~[paper-api-1.20.1-R0.1-SNAPSHOT.jar:?]
	at world.bentobox.bentobox.database.json.adapters.ItemStackTypeAdapter.read(ItemStackTypeAdapter.java:57) ~[BentoBox-2.3.0.jar:?]
	at world.bentobox.bentobox.database.json.adapters.ItemStackTypeAdapter.read(ItemStackTypeAdapter.java:24) ~[BentoBox-2.3.0.jar:?]
	at com.google.gson.internal.bind.TypeAdapterRuntimeTypeWrapper.read(TypeAdapterRuntimeTypeWrapper.java:40) ~[gson-2.10.jar:?]
	at com.google.gson.internal.bind.MapTypeAdapterFactory$Adapter.read(MapTypeAdapterFactory.java:186) ~[gson-2.10.jar:?]
	at com.google.gson.internal.bind.MapTypeAdapterFactory$Adapter.read(MapTypeAdapterFactory.java:144) ~[gson-2.10.jar:?]
	at com.google.gson.internal.bind.ReflectiveTypeAdapterFactory$1.readIntoField(ReflectiveTypeAdapterFactory.java:212) ~[gson-2.10.jar:?]
	at com.google.gson.internal.bind.ReflectiveTypeAdapterFactory$FieldReflectionAdapter.readField(ReflectiveTypeAdapterFactory.java:431) ~[gson-2.10.jar:?]
	at com.google.gson.internal.bind.ReflectiveTypeAdapterFactory$Adapter.read(ReflectiveTypeAdapterFactory.java:391) ~[gson-2.10.jar:?]
	at com.google.gson.internal.bind.TypeAdapterRuntimeTypeWrapper.read(TypeAdapterRuntimeTypeWrapper.java:40) ~[gson-2.10.jar:?]
	at com.google.gson.internal.bind.MapTypeAdapterFactory$Adapter.read(MapTypeAdapterFactory.java:173) ~[gson-2.10.jar:?]
	at com.google.gson.internal.bind.MapTypeAdapterFactory$Adapter.read(MapTypeAdapterFactory.java:144) ~[gson-2.10.jar:?]
	at com.google.gson.internal.bind.ReflectiveTypeAdapterFactory$1.readIntoField(ReflectiveTypeAdapterFactory.java:212) ~[gson-2.10.jar:?]
	at com.google.gson.internal.bind.ReflectiveTypeAdapterFactory$FieldReflectionAdapter.readField(ReflectiveTypeAdapterFactory.java:431) ~[gson-2.10.jar:?]
	at com.google.gson.internal.bind.ReflectiveTypeAdapterFactory$Adapter.read(ReflectiveTypeAdapterFactory.java:391) ~[gson-2.10.jar:?]
	at com.google.gson.Gson.fromJson(Gson.java:1214) ~[gson-2.10.jar:?]
	at com.google.gson.Gson.fromJson(Gson.java:1124) ~[gson-2.10.jar:?]
	at com.google.gson.Gson.fromJson(Gson.java:1062) ~[gson-2.10.jar:?]
	at world.bentobox.bentobox.managers.BlueprintClipboardManager.loadBlueprint(BlueprintClipboardManager.java:108) ~[BentoBox-2.3.0.jar:?]
	at world.bentobox.bentobox.managers.BlueprintsManager.loadBlueprints(BlueprintsManager.java:328) ~[BentoBox-2.3.0.jar:?]
	at world.bentobox.bentobox.managers.BlueprintsManager.lambda$loadBlueprintBundles$5(BlueprintsManager.java:200) ~[BentoBox-2.3.0.jar:?]
	at org.bukkit.craftbukkit.v1_20_R1.scheduler.CraftTask.run(CraftTask.java:101) ~[paper-1.20.1.jar:git-Paper-196]
	at org.bukkit.craftbukkit.v1_20_R1.scheduler.CraftAsyncTask.run(CraftAsyncTask.java:57) ~[paper-1.20.1.jar:git-Paper-196]
	at com.destroystokyo.paper.ServerSchedulerReportingWrapper.run(ServerSchedulerReportingWrapper.java:22) ~[paper-1.20.1.jar:?]
	at java.util.concurrent.ThreadPoolExecutor.runWorker(Unknown Source) ~[?:?]
	at java.util.concurrent.ThreadPoolExecutor$Worker.run(Unknown Source) ~[?:?]
	at java.lang.Thread.run(Unknown Source) ~[?:?]
[00:26:56] [Craft Scheduler Thread - 3 - BentoBox/ERROR]: [org.bukkit.configuration.serialization.ConfigurationSerialization] Could not call method 'public static org.bukkit.inventory.ItemStack org.bukkit.inventory.ItemStack.deserialize(java.util.Map)' of class org.bukkit.inventory.ItemStack for deserialization
java.lang.IllegalArgumentException: Newer version! Server downgrades are not supported!
	at com.google.common.base.Preconditions.checkArgument(Preconditions.java:145) ~[guava-31.1-jre.jar:?]
	at org.bukkit.craftbukkit.v1_20_R1.util.CraftMagicNumbers.getMaterial(CraftMagicNumbers.java:266) ~[paper-1.20.1.jar:git-Paper-196]
	at org.bukkit.inventory.ItemStack.deserialize(ItemStack.java:509) ~[paper-api-1.20.1-R0.1-SNAPSHOT.jar:?]
	at jdk.internal.reflect.DirectMethodHandleAccessor.invoke(Unknown Source) ~[?:?]
	at java.lang.reflect.Method.invoke(Unknown Source) ~[?:?]
	at org.bukkit.configuration.serialization.ConfigurationSerialization.deserializeViaMethod(ConfigurationSerialization.java:85) ~[paper-api-1.20.1-R0.1-SNAPSHOT.jar:?]
	at org.bukkit.configuration.serialization.ConfigurationSerialization.deserialize(ConfigurationSerialization.java:127) ~[paper-api-1.20.1-R0.1-SNAPSHOT.jar:?]
	at org.bukkit.configuration.serialization.ConfigurationSerialization.deserializeObject(ConfigurationSerialization.java:207) ~[paper-api-1.20.1-R0.1-SNAPSHOT.jar:?]
	at org.bukkit.configuration.file.YamlConstructor$ConstructCustomObject.construct(YamlConstructor.java:58) ~[paper-api-1.20.1-R0.1-SNAPSHOT.jar:?]
	at org.yaml.snakeyaml.constructor.BaseConstructor.constructObjectNoCheck(BaseConstructor.java:264) ~[snakeyaml-2.0.jar:?]
	at org.yaml.snakeyaml.constructor.BaseConstructor.constructObject(BaseConstructor.java:247) ~[snakeyaml-2.0.jar:?]
	at org.bukkit.configuration.file.YamlConstructor.construct(YamlConstructor.java:37) ~[paper-api-1.20.1-R0.1-SNAPSHOT.jar:?]
	at org.bukkit.configuration.file.YamlConfiguration.fromNodeTree(YamlConfiguration.java:163) ~[paper-api-1.20.1-R0.1-SNAPSHOT.jar:?]
	at org.bukkit.configuration.file.YamlConfiguration.loadFromString(YamlConfiguration.java:120) ~[paper-api-1.20.1-R0.1-SNAPSHOT.jar:?]
	at world.bentobox.bentobox.database.json.adapters.ItemStackTypeAdapter.read(ItemStackTypeAdapter.java:57) ~[BentoBox-2.3.0.jar:?]
	at world.bentobox.bentobox.database.json.adapters.ItemStackTypeAdapter.read(ItemStackTypeAdapter.java:24) ~[BentoBox-2.3.0.jar:?]
	at com.google.gson.internal.bind.TypeAdapterRuntimeTypeWrapper.read(TypeAdapterRuntimeTypeWrapper.java:40) ~[gson-2.10.jar:?]
	at com.google.gson.internal.bind.MapTypeAdapterFactory$Adapter.read(MapTypeAdapterFactory.java:186) ~[gson-2.10.jar:?]
	at com.google.gson.internal.bind.MapTypeAdapterFactory$Adapter.read(MapTypeAdapterFactory.java:144) ~[gson-2.10.jar:?]
	at com.google.gson.internal.bind.ReflectiveTypeAdapterFactory$1.readIntoField(ReflectiveTypeAdapterFactory.java:212) ~[gson-2.10.jar:?]
	at com.google.gson.internal.bind.ReflectiveTypeAdapterFactory$FieldReflectionAdapter.readField(ReflectiveTypeAdapterFactory.java:431) ~[gson-2.10.jar:?]
	at com.google.gson.internal.bind.ReflectiveTypeAdapterFactory$Adapter.read(ReflectiveTypeAdapterFactory.java:391) ~[gson-2.10.jar:?]
	at com.google.gson.internal.bind.TypeAdapterRuntimeTypeWrapper.read(TypeAdapterRuntimeTypeWrapper.java:40) ~[gson-2.10.jar:?]
	at com.google.gson.internal.bind.MapTypeAdapterFactory$Adapter.read(MapTypeAdapterFactory.java:173) ~[gson-2.10.jar:?]
	at com.google.gson.internal.bind.MapTypeAdapterFactory$Adapter.read(MapTypeAdapterFactory.java:144) ~[gson-2.10.jar:?]
	at com.google.gson.internal.bind.ReflectiveTypeAdapterFactory$1.readIntoField(ReflectiveTypeAdapterFactory.java:212) ~[gson-2.10.jar:?]
	at com.google.gson.internal.bind.ReflectiveTypeAdapterFactory$FieldReflectionAdapter.readField(ReflectiveTypeAdapterFactory.java:431) ~[gson-2.10.jar:?]
	at com.google.gson.internal.bind.ReflectiveTypeAdapterFactory$Adapter.read(ReflectiveTypeAdapterFactory.java:391) ~[gson-2.10.jar:?]
	at com.google.gson.Gson.fromJson(Gson.java:1214) ~[gson-2.10.jar:?]
	at com.google.gson.Gson.fromJson(Gson.java:1124) ~[gson-2.10.jar:?]
	at com.google.gson.Gson.fromJson(Gson.java:1062) ~[gson-2.10.jar:?]
	at world.bentobox.bentobox.managers.BlueprintClipboardManager.loadBlueprint(BlueprintClipboardManager.java:108) ~[BentoBox-2.3.0.jar:?]
	at world.bentobox.bentobox.managers.BlueprintsManager.loadBlueprints(BlueprintsManager.java:328) ~[BentoBox-2.3.0.jar:?]
	at world.bentobox.bentobox.managers.BlueprintsManager.lambda$loadBlueprintBundles$5(BlueprintsManager.java:200) ~[BentoBox-2.3.0.jar:?]
	at org.bukkit.craftbukkit.v1_20_R1.scheduler.CraftTask.run(CraftTask.java:101) ~[paper-1.20.1.jar:git-Paper-196]
	at org.bukkit.craftbukkit.v1_20_R1.scheduler.CraftAsyncTask.run(CraftAsyncTask.java:57) ~[paper-1.20.1.jar:git-Paper-196]
	at com.destroystokyo.paper.ServerSchedulerReportingWrapper.run(ServerSchedulerReportingWrapper.java:22) ~[paper-1.20.1.jar:?]
	at java.util.concurrent.ThreadPoolExecutor.runWorker(Unknown Source) ~[?:?]
	at java.util.concurrent.ThreadPoolExecutor$Worker.run(Unknown Source) ~[?:?]
	at java.lang.Thread.run(Unknown Source) ~[?:?]
[00:26:56] [Craft Scheduler Thread - 3 - BentoBox/ERROR]: [org.bukkit.configuration.serialization.ConfigurationSerialization] Could not call method 'public static org.bukkit.inventory.ItemStack org.bukkit.inventory.ItemStack.deserialize(java.util.Map)' of class org.bukkit.inventory.ItemStack for deserialization
java.lang.IllegalArgumentException: Newer version! Server downgrades are not supported!
	at com.google.common.base.Preconditions.checkArgument(Preconditions.java:145) ~[guava-31.1-jre.jar:?]
	at org.bukkit.craftbukkit.v1_20_R1.util.CraftMagicNumbers.getMaterial(CraftMagicNumbers.java:266) ~[paper-1.20.1.jar:git-Paper-196]
	at org.bukkit.inventory.ItemStack.deserialize(ItemStack.java:509) ~[paper-api-1.20.1-R0.1-SNAPSHOT.jar:?]
	at jdk.internal.reflect.DirectMethodHandleAccessor.invoke(Unknown Source) ~[?:?]
	at java.lang.reflect.Method.invoke(Unknown Source) ~[?:?]
	at org.bukkit.configuration.serialization.ConfigurationSerialization.deserializeViaMethod(ConfigurationSerialization.java:85) ~[paper-api-1.20.1-R0.1-SNAPSHOT.jar:?]
	at org.bukkit.configuration.serialization.ConfigurationSerialization.deserialize(ConfigurationSerialization.java:127) ~[paper-api-1.20.1-R0.1-SNAPSHOT.jar:?]
	at org.bukkit.configuration.serialization.ConfigurationSerialization.deserializeObject(ConfigurationSerialization.java:207) ~[paper-api-1.20.1-R0.1-SNAPSHOT.jar:?]
	at org.bukkit.configuration.file.YamlConstructor$ConstructCustomObject.construct(YamlConstructor.java:58) ~[paper-api-1.20.1-R0.1-SNAPSHOT.jar:?]
	at org.yaml.snakeyaml.constructor.BaseConstructor.constructObjectNoCheck(BaseConstructor.java:264) ~[snakeyaml-2.0.jar:?]
	at org.yaml.snakeyaml.constructor.BaseConstructor.constructObject(BaseConstructor.java:247) ~[snakeyaml-2.0.jar:?]
	at org.bukkit.configuration.file.YamlConstructor.construct(YamlConstructor.java:37) ~[paper-api-1.20.1-R0.1-SNAPSHOT.jar:?]
	at org.bukkit.configuration.file.YamlConfiguration.fromNodeTree(YamlConfiguration.java:163) ~[paper-api-1.20.1-R0.1-SNAPSHOT.jar:?]
	at org.bukkit.configuration.file.YamlConfiguration.loadFromString(YamlConfiguration.java:120) ~[paper-api-1.20.1-R0.1-SNAPSHOT.jar:?]
	at world.bentobox.bentobox.database.json.adapters.ItemStackTypeAdapter.read(ItemStackTypeAdapter.java:57) ~[BentoBox-2.3.0.jar:?]
	at world.bentobox.bentobox.database.json.adapters.ItemStackTypeAdapter.read(ItemStackTypeAdapter.java:24) ~[BentoBox-2.3.0.jar:?]
	at com.google.gson.internal.bind.TypeAdapterRuntimeTypeWrapper.read(TypeAdapterRuntimeTypeWrapper.java:40) ~[gson-2.10.jar:?]
	at com.google.gson.internal.bind.MapTypeAdapterFactory$Adapter.read(MapTypeAdapterFactory.java:186) ~[gson-2.10.jar:?]
	at com.google.gson.internal.bind.MapTypeAdapterFactory$Adapter.read(MapTypeAdapterFactory.java:144) ~[gson-2.10.jar:?]
	at com.google.gson.internal.bind.ReflectiveTypeAdapterFactory$1.readIntoField(ReflectiveTypeAdapterFactory.java:212) ~[gson-2.10.jar:?]
	at com.google.gson.internal.bind.ReflectiveTypeAdapterFactory$FieldReflectionAdapter.readField(ReflectiveTypeAdapterFactory.java:431) ~[gson-2.10.jar:?]
	at com.google.gson.internal.bind.ReflectiveTypeAdapterFactory$Adapter.read(ReflectiveTypeAdapterFactory.java:391) ~[gson-2.10.jar:?]
	at com.google.gson.internal.bind.TypeAdapterRuntimeTypeWrapper.read(TypeAdapterRuntimeTypeWrapper.java:40) ~[gson-2.10.jar:?]
	at com.google.gson.internal.bind.MapTypeAdapterFactory$Adapter.read(MapTypeAdapterFactory.java:173) ~[gson-2.10.jar:?]
	at com.google.gson.internal.bind.MapTypeAdapterFactory$Adapter.read(MapTypeAdapterFactory.java:144) ~[gson-2.10.jar:?]
	at com.google.gson.internal.bind.ReflectiveTypeAdapterFactory$1.readIntoField(ReflectiveTypeAdapterFactory.java:212) ~[gson-2.10.jar:?]
	at com.google.gson.internal.bind.ReflectiveTypeAdapterFactory$FieldReflectionAdapter.readField(ReflectiveTypeAdapterFactory.java:431) ~[gson-2.10.jar:?]
	at com.google.gson.internal.bind.ReflectiveTypeAdapterFactory$Adapter.read(ReflectiveTypeAdapterFactory.java:391) ~[gson-2.10.jar:?]
	at com.google.gson.Gson.fromJson(Gson.java:1214) ~[gson-2.10.jar:?]
	at com.google.gson.Gson.fromJson(Gson.java:1124) ~[gson-2.10.jar:?]
	at com.google.gson.Gson.fromJson(Gson.java:1062) ~[gson-2.10.jar:?]
	at world.bentobox.bentobox.managers.BlueprintClipboardManager.loadBlueprint(BlueprintClipboardManager.java:108) ~[BentoBox-2.3.0.jar:?]
	at world.bentobox.bentobox.managers.BlueprintsManager.loadBlueprints(BlueprintsManager.java:328) ~[BentoBox-2.3.0.jar:?]
	at world.bentobox.bentobox.managers.BlueprintsManager.lambda$loadBlueprintBundles$5(BlueprintsManager.java:200) ~[BentoBox-2.3.0.jar:?]
	at org.bukkit.craftbukkit.v1_20_R1.scheduler.CraftTask.run(CraftTask.java:101) ~[paper-1.20.1.jar:git-Paper-196]
	at org.bukkit.craftbukkit.v1_20_R1.scheduler.CraftAsyncTask.run(CraftAsyncTask.java:57) ~[paper-1.20.1.jar:git-Paper-196]
	at com.destroystokyo.paper.ServerSchedulerReportingWrapper.run(ServerSchedulerReportingWrapper.java:22) ~[paper-1.20.1.jar:?]
	at java.util.concurrent.ThreadPoolExecutor.runWorker(Unknown Source) ~[?:?]
	at java.util.concurrent.ThreadPoolExecutor$Worker.run(Unknown Source) ~[?:?]
	at java.lang.Thread.run(Unknown Source) ~[?:?]
[00:26:56] [Craft Scheduler Thread - 3 - BentoBox/ERROR]: [org.bukkit.configuration.serialization.ConfigurationSerialization] Could not call method 'public static org.bukkit.inventory.ItemStack org.bukkit.inventory.ItemStack.deserialize(java.util.Map)' of class org.bukkit.inventory.ItemStack for deserialization
java.lang.IllegalArgumentException: Newer version! Server downgrades are not supported!
	at com.google.common.base.Preconditions.checkArgument(Preconditions.java:145) ~[guava-31.1-jre.jar:?]
	at org.bukkit.craftbukkit.v1_20_R1.util.CraftMagicNumbers.getMaterial(CraftMagicNumbers.java:266) ~[paper-1.20.1.jar:git-Paper-196]
	at org.bukkit.inventory.ItemStack.deserialize(ItemStack.java:509) ~[paper-api-1.20.1-R0.1-SNAPSHOT.jar:?]
	at jdk.internal.reflect.DirectMethodHandleAccessor.invoke(Unknown Source) ~[?:?]
	at java.lang.reflect.Method.invoke(Unknown Source) ~[?:?]
	at org.bukkit.configuration.serialization.ConfigurationSerialization.deserializeViaMethod(ConfigurationSerialization.java:85) ~[paper-api-1.20.1-R0.1-SNAPSHOT.jar:?]
	at org.bukkit.configuration.serialization.ConfigurationSerialization.deserialize(ConfigurationSerialization.java:127) ~[paper-api-1.20.1-R0.1-SNAPSHOT.jar:?]
	at org.bukkit.configuration.serialization.ConfigurationSerialization.deserializeObject(ConfigurationSerialization.java:207) ~[paper-api-1.20.1-R0.1-SNAPSHOT.jar:?]
	at org.bukkit.configuration.file.YamlConstructor$ConstructCustomObject.construct(YamlConstructor.java:58) ~[paper-api-1.20.1-R0.1-SNAPSHOT.jar:?]
	at org.yaml.snakeyaml.constructor.BaseConstructor.constructObjectNoCheck(BaseConstructor.java:264) ~[snakeyaml-2.0.jar:?]
	at org.yaml.snakeyaml.constructor.BaseConstructor.constructObject(BaseConstructor.java:247) ~[snakeyaml-2.0.jar:?]
	at org.bukkit.configuration.file.YamlConstructor.construct(YamlConstructor.java:37) ~[paper-api-1.20.1-R0.1-SNAPSHOT.jar:?]
	at org.bukkit.configuration.file.YamlConfiguration.fromNodeTree(YamlConfiguration.java:163) ~[paper-api-1.20.1-R0.1-SNAPSHOT.jar:?]
	at org.bukkit.configuration.file.YamlConfiguration.loadFromString(YamlConfiguration.java:120) ~[paper-api-1.20.1-R0.1-SNAPSHOT.jar:?]
	at world.bentobox.bentobox.database.json.adapters.ItemStackTypeAdapter.read(ItemStackTypeAdapter.java:57) ~[BentoBox-2.3.0.jar:?]
	at world.bentobox.bentobox.database.json.adapters.ItemStackTypeAdapter.read(ItemStackTypeAdapter.java:24) ~[BentoBox-2.3.0.jar:?]
	at com.google.gson.internal.bind.TypeAdapterRuntimeTypeWrapper.read(TypeAdapterRuntimeTypeWrapper.java:40) ~[gson-2.10.jar:?]
	at com.google.gson.internal.bind.MapTypeAdapterFactory$Adapter.read(MapTypeAdapterFactory.java:186) ~[gson-2.10.jar:?]
	at com.google.gson.internal.bind.MapTypeAdapterFactory$Adapter.read(MapTypeAdapterFactory.java:144) ~[gson-2.10.jar:?]
	at com.google.gson.internal.bind.ReflectiveTypeAdapterFactory$1.readIntoField(ReflectiveTypeAdapterFactory.java:212) ~[gson-2.10.jar:?]
	at com.google.gson.internal.bind.ReflectiveTypeAdapterFactory$FieldReflectionAdapter.readField(ReflectiveTypeAdapterFactory.java:431) ~[gson-2.10.jar:?]
	at com.google.gson.internal.bind.ReflectiveTypeAdapterFactory$Adapter.read(ReflectiveTypeAdapterFactory.java:391) ~[gson-2.10.jar:?]
	at com.google.gson.internal.bind.TypeAdapterRuntimeTypeWrapper.read(TypeAdapterRuntimeTypeWrapper.java:40) ~[gson-2.10.jar:?]
	at com.google.gson.internal.bind.MapTypeAdapterFactory$Adapter.read(MapTypeAdapterFactory.java:173) ~[gson-2.10.jar:?]
	at com.google.gson.internal.bind.MapTypeAdapterFactory$Adapter.read(MapTypeAdapterFactory.java:144) ~[gson-2.10.jar:?]
	at com.google.gson.internal.bind.ReflectiveTypeAdapterFactory$1.readIntoField(ReflectiveTypeAdapterFactory.java:212) ~[gson-2.10.jar:?]
	at com.google.gson.internal.bind.ReflectiveTypeAdapterFactory$FieldReflectionAdapter.readField(ReflectiveTypeAdapterFactory.java:431) ~[gson-2.10.jar:?]
	at com.google.gson.internal.bind.ReflectiveTypeAdapterFactory$Adapter.read(ReflectiveTypeAdapterFactory.java:391) ~[gson-2.10.jar:?]
	at com.google.gson.Gson.fromJson(Gson.java:1214) ~[gson-2.10.jar:?]
	at com.google.gson.Gson.fromJson(Gson.java:1124) ~[gson-2.10.jar:?]
	at com.google.gson.Gson.fromJson(Gson.java:1062) ~[gson-2.10.jar:?]
	at world.bentobox.bentobox.managers.BlueprintClipboardManager.loadBlueprint(BlueprintClipboardManager.java:108) ~[BentoBox-2.3.0.jar:?]
	at world.bentobox.bentobox.managers.BlueprintsManager.loadBlueprints(BlueprintsManager.java:328) ~[BentoBox-2.3.0.jar:?]
	at world.bentobox.bentobox.managers.BlueprintsManager.lambda$loadBlueprintBundles$5(BlueprintsManager.java:200) ~[BentoBox-2.3.0.jar:?]
	at org.bukkit.craftbukkit.v1_20_R1.scheduler.CraftTask.run(CraftTask.java:101) ~[paper-1.20.1.jar:git-Paper-196]
	at org.bukkit.craftbukkit.v1_20_R1.scheduler.CraftAsyncTask.run(CraftAsyncTask.java:57) ~[paper-1.20.1.jar:git-Paper-196]
	at com.destroystokyo.paper.ServerSchedulerReportingWrapper.run(ServerSchedulerReportingWrapper.java:22) ~[paper-1.20.1.jar:?]
	at java.util.concurrent.ThreadPoolExecutor.runWorker(Unknown Source) ~[?:?]
	at java.util.concurrent.ThreadPoolExecutor$Worker.run(Unknown Source) ~[?:?]
	at java.lang.Thread.run(Unknown Source) ~[?:?]
[00:26:56] [Craft Scheduler Thread - 3 - BentoBox/ERROR]: [org.bukkit.configuration.serialization.ConfigurationSerialization] Could not call method 'public static org.bukkit.inventory.ItemStack org.bukkit.inventory.ItemStack.deserialize(java.util.Map)' of class org.bukkit.inventory.ItemStack for deserialization
java.lang.IllegalArgumentException: Newer version! Server downgrades are not supported!
	at com.google.common.base.Preconditions.checkArgument(Preconditions.java:145) ~[guava-31.1-jre.jar:?]
	at org.bukkit.craftbukkit.v1_20_R1.util.CraftMagicNumbers.getMaterial(CraftMagicNumbers.java:266) ~[paper-1.20.1.jar:git-Paper-196]
	at org.bukkit.inventory.ItemStack.deserialize(ItemStack.java:509) ~[paper-api-1.20.1-R0.1-SNAPSHOT.jar:?]
	at jdk.internal.reflect.DirectMethodHandleAccessor.invoke(Unknown Source) ~[?:?]
	at java.lang.reflect.Method.invoke(Unknown Source) ~[?:?]
	at org.bukkit.configuration.serialization.ConfigurationSerialization.deserializeViaMethod(ConfigurationSerialization.java:85) ~[paper-api-1.20.1-R0.1-SNAPSHOT.jar:?]
	at org.bukkit.configuration.serialization.ConfigurationSerialization.deserialize(ConfigurationSerialization.java:127) ~[paper-api-1.20.1-R0.1-SNAPSHOT.jar:?]
	at org.bukkit.configuration.serialization.ConfigurationSerialization.deserializeObject(ConfigurationSerialization.java:207) ~[paper-api-1.20.1-R0.1-SNAPSHOT.jar:?]
	at org.bukkit.configuration.file.YamlConstructor$ConstructCustomObject.construct(YamlConstructor.java:58) ~[paper-api-1.20.1-R0.1-SNAPSHOT.jar:?]
	at org.yaml.snakeyaml.constructor.BaseConstructor.constructObjectNoCheck(BaseConstructor.java:264) ~[snakeyaml-2.0.jar:?]
	at org.yaml.snakeyaml.constructor.BaseConstructor.constructObject(BaseConstructor.java:247) ~[snakeyaml-2.0.jar:?]
	at org.bukkit.configuration.file.YamlConstructor.construct(YamlConstructor.java:37) ~[paper-api-1.20.1-R0.1-SNAPSHOT.jar:?]
	at org.bukkit.configuration.file.YamlConfiguration.fromNodeTree(YamlConfiguration.java:163) ~[paper-api-1.20.1-R0.1-SNAPSHOT.jar:?]
	at org.bukkit.configuration.file.YamlConfiguration.loadFromString(YamlConfiguration.java:120) ~[paper-api-1.20.1-R0.1-SNAPSHOT.jar:?]
	at world.bentobox.bentobox.database.json.adapters.ItemStackTypeAdapter.read(ItemStackTypeAdapter.java:57) ~[BentoBox-2.3.0.jar:?]
	at world.bentobox.bentobox.database.json.adapters.ItemStackTypeAdapter.read(ItemStackTypeAdapter.java:24) ~[BentoBox-2.3.0.jar:?]
	at com.google.gson.internal.bind.TypeAdapterRuntimeTypeWrapper.read(TypeAdapterRuntimeTypeWrapper.java:40) ~[gson-2.10.jar:?]
	at com.google.gson.internal.bind.MapTypeAdapterFactory$Adapter.read(MapTypeAdapterFactory.java:186) ~[gson-2.10.jar:?]
	at com.google.gson.internal.bind.MapTypeAdapterFactory$Adapter.read(MapTypeAdapterFactory.java:144) ~[gson-2.10.jar:?]
	at com.google.gson.internal.bind.ReflectiveTypeAdapterFactory$1.readIntoField(ReflectiveTypeAdapterFactory.java:212) ~[gson-2.10.jar:?]
	at com.google.gson.internal.bind.ReflectiveTypeAdapterFactory$FieldReflectionAdapter.readField(ReflectiveTypeAdapterFactory.java:431) ~[gson-2.10.jar:?]
	at com.google.gson.internal.bind.ReflectiveTypeAdapterFactory$Adapter.read(ReflectiveTypeAdapterFactory.java:391) ~[gson-2.10.jar:?]
	at com.google.gson.internal.bind.TypeAdapterRuntimeTypeWrapper.read(TypeAdapterRuntimeTypeWrapper.java:40) ~[gson-2.10.jar:?]
	at com.google.gson.internal.bind.MapTypeAdapterFactory$Adapter.read(MapTypeAdapterFactory.java:173) ~[gson-2.10.jar:?]
	at com.google.gson.internal.bind.MapTypeAdapterFactory$Adapter.read(MapTypeAdapterFactory.java:144) ~[gson-2.10.jar:?]
	at com.google.gson.internal.bind.ReflectiveTypeAdapterFactory$1.readIntoField(ReflectiveTypeAdapterFactory.java:212) ~[gson-2.10.jar:?]
	at com.google.gson.internal.bind.ReflectiveTypeAdapterFactory$FieldReflectionAdapter.readField(ReflectiveTypeAdapterFactory.java:431) ~[gson-2.10.jar:?]
	at com.google.gson.internal.bind.ReflectiveTypeAdapterFactory$Adapter.read(ReflectiveTypeAdapterFactory.java:391) ~[gson-2.10.jar:?]
	at com.google.gson.Gson.fromJson(Gson.java:1214) ~[gson-2.10.jar:?]
	at com.google.gson.Gson.fromJson(Gson.java:1124) ~[gson-2.10.jar:?]
	at com.google.gson.Gson.fromJson(Gson.java:1062) ~[gson-2.10.jar:?]
	at world.bentobox.bentobox.managers.BlueprintClipboardManager.loadBlueprint(BlueprintClipboardManager.java:108) ~[BentoBox-2.3.0.jar:?]
	at world.bentobox.bentobox.managers.BlueprintsManager.loadBlueprints(BlueprintsManager.java:328) ~[BentoBox-2.3.0.jar:?]
	at world.bentobox.bentobox.managers.BlueprintsManager.lambda$loadBlueprintBundles$5(BlueprintsManager.java:200) ~[BentoBox-2.3.0.jar:?]
	at org.bukkit.craftbukkit.v1_20_R1.scheduler.CraftTask.run(CraftTask.java:101) ~[paper-1.20.1.jar:git-Paper-196]
	at org.bukkit.craftbukkit.v1_20_R1.scheduler.CraftAsyncTask.run(CraftAsyncTask.java:57) ~[paper-1.20.1.jar:git-Paper-196]
	at com.destroystokyo.paper.ServerSchedulerReportingWrapper.run(ServerSchedulerReportingWrapper.java:22) ~[paper-1.20.1.jar:?]
	at java.util.concurrent.ThreadPoolExecutor.runWorker(Unknown Source) ~[?:?]
	at java.util.concurrent.ThreadPoolExecutor$Worker.run(Unknown Source) ~[?:?]
	at java.lang.Thread.run(Unknown Source) ~[?:?]
[00:26:56] [Craft Scheduler Thread - 3 - BentoBox/ERROR]: [org.bukkit.configuration.serialization.ConfigurationSerialization] Could not call method 'public static org.bukkit.inventory.ItemStack org.bukkit.inventory.ItemStack.deserialize(java.util.Map)' of class org.bukkit.inventory.ItemStack for deserialization
java.lang.IllegalArgumentException: Newer version! Server downgrades are not supported!
	at com.google.common.base.Preconditions.checkArgument(Preconditions.java:145) ~[guava-31.1-jre.jar:?]
	at org.bukkit.craftbukkit.v1_20_R1.util.CraftMagicNumbers.getMaterial(CraftMagicNumbers.java:266) ~[paper-1.20.1.jar:git-Paper-196]
	at org.bukkit.inventory.ItemStack.deserialize(ItemStack.java:509) ~[paper-api-1.20.1-R0.1-SNAPSHOT.jar:?]
	at jdk.internal.reflect.DirectMethodHandleAccessor.invoke(Unknown Source) ~[?:?]
	at java.lang.reflect.Method.invoke(Unknown Source) ~[?:?]
	at org.bukkit.configuration.serialization.ConfigurationSerialization.deserializeViaMethod(ConfigurationSerialization.java:85) ~[paper-api-1.20.1-R0.1-SNAPSHOT.jar:?]
	at org.bukkit.configuration.serialization.ConfigurationSerialization.deserialize(ConfigurationSerialization.java:127) ~[paper-api-1.20.1-R0.1-SNAPSHOT.jar:?]
	at org.bukkit.configuration.serialization.ConfigurationSerialization.deserializeObject(ConfigurationSerialization.java:207) ~[paper-api-1.20.1-R0.1-SNAPSHOT.jar:?]
	at org.bukkit.configuration.file.YamlConstructor$ConstructCustomObject.construct(YamlConstructor.java:58) ~[paper-api-1.20.1-R0.1-SNAPSHOT.jar:?]
	at org.yaml.snakeyaml.constructor.BaseConstructor.constructObjectNoCheck(BaseConstructor.java:264) ~[snakeyaml-2.0.jar:?]
	at org.yaml.snakeyaml.constructor.BaseConstructor.constructObject(BaseConstructor.java:247) ~[snakeyaml-2.0.jar:?]
	at org.bukkit.configuration.file.YamlConstructor.construct(YamlConstructor.java:37) ~[paper-api-1.20.1-R0.1-SNAPSHOT.jar:?]
	at org.bukkit.configuration.file.YamlConfiguration.fromNodeTree(YamlConfiguration.java:163) ~[paper-api-1.20.1-R0.1-SNAPSHOT.jar:?]
	at org.bukkit.configuration.file.YamlConfiguration.loadFromString(YamlConfiguration.java:120) ~[paper-api-1.20.1-R0.1-SNAPSHOT.jar:?]
	at world.bentobox.bentobox.database.json.adapters.ItemStackTypeAdapter.read(ItemStackTypeAdapter.java:57) ~[BentoBox-2.3.0.jar:?]
	at world.bentobox.bentobox.database.json.adapters.ItemStackTypeAdapter.read(ItemStackTypeAdapter.java:24) ~[BentoBox-2.3.0.jar:?]
	at com.google.gson.internal.bind.TypeAdapterRuntimeTypeWrapper.read(TypeAdapterRuntimeTypeWrapper.java:40) ~[gson-2.10.jar:?]
	at com.google.gson.internal.bind.MapTypeAdapterFactory$Adapter.read(MapTypeAdapterFactory.java:186) ~[gson-2.10.jar:?]
	at com.google.gson.internal.bind.MapTypeAdapterFactory$Adapter.read(MapTypeAdapterFactory.java:144) ~[gson-2.10.jar:?]
	at com.google.gson.internal.bind.ReflectiveTypeAdapterFactory$1.readIntoField(ReflectiveTypeAdapterFactory.java:212) ~[gson-2.10.jar:?]
	at com.google.gson.internal.bind.ReflectiveTypeAdapterFactory$FieldReflectionAdapter.readField(ReflectiveTypeAdapterFactory.java:431) ~[gson-2.10.jar:?]
	at com.google.gson.internal.bind.ReflectiveTypeAdapterFactory$Adapter.read(ReflectiveTypeAdapterFactory.java:391) ~[gson-2.10.jar:?]
	at com.google.gson.internal.bind.TypeAdapterRuntimeTypeWrapper.read(TypeAdapterRuntimeTypeWrapper.java:40) ~[gson-2.10.jar:?]
	at com.google.gson.internal.bind.MapTypeAdapterFactory$Adapter.read(MapTypeAdapterFactory.java:173) ~[gson-2.10.jar:?]
	at com.google.gson.internal.bind.MapTypeAdapterFactory$Adapter.read(MapTypeAdapterFactory.java:144) ~[gson-2.10.jar:?]
	at com.google.gson.internal.bind.ReflectiveTypeAdapterFactory$1.readIntoField(ReflectiveTypeAdapterFactory.java:212) ~[gson-2.10.jar:?]
	at com.google.gson.internal.bind.ReflectiveTypeAdapterFactory$FieldReflectionAdapter.readField(ReflectiveTypeAdapterFactory.java:431) ~[gson-2.10.jar:?]
	at com.google.gson.internal.bind.ReflectiveTypeAdapterFactory$Adapter.read(ReflectiveTypeAdapterFactory.java:391) ~[gson-2.10.jar:?]
	at com.google.gson.Gson.fromJson(Gson.java:1214) ~[gson-2.10.jar:?]
	at com.google.gson.Gson.fromJson(Gson.java:1124) ~[gson-2.10.jar:?]
	at com.google.gson.Gson.fromJson(Gson.java:1062) ~[gson-2.10.jar:?]
	at world.bentobox.bentobox.managers.BlueprintClipboardManager.loadBlueprint(BlueprintClipboardManager.java:108) ~[BentoBox-2.3.0.jar:?]
	at world.bentobox.bentobox.managers.BlueprintsManager.loadBlueprints(BlueprintsManager.java:328) ~[BentoBox-2.3.0.jar:?]
	at world.bentobox.bentobox.managers.BlueprintsManager.lambda$loadBlueprintBundles$5(BlueprintsManager.java:200) ~[BentoBox-2.3.0.jar:?]
	at org.bukkit.craftbukkit.v1_20_R1.scheduler.CraftTask.run(CraftTask.java:101) ~[paper-1.20.1.jar:git-Paper-196]
	at org.bukkit.craftbukkit.v1_20_R1.scheduler.CraftAsyncTask.run(CraftAsyncTask.java:57) ~[paper-1.20.1.jar:git-Paper-196]
	at com.destroystokyo.paper.ServerSchedulerReportingWrapper.run(ServerSchedulerReportingWrapper.java:22) ~[paper-1.20.1.jar:?]
	at java.util.concurrent.ThreadPoolExecutor.runWorker(Unknown Source) ~[?:?]
	at java.util.concurrent.ThreadPoolExecutor$Worker.run(Unknown Source) ~[?:?]
	at java.lang.Thread.run(Unknown Source) ~[?:?]
[00:26:56] [Craft Scheduler Thread - 3 - BentoBox/ERROR]: [org.bukkit.configuration.serialization.ConfigurationSerialization] Could not call method 'public static org.bukkit.inventory.ItemStack org.bukkit.inventory.ItemStack.deserialize(java.util.Map)' of class org.bukkit.inventory.ItemStack for deserialization
java.lang.IllegalArgumentException: Newer version! Server downgrades are not supported!
	at com.google.common.base.Preconditions.checkArgument(Preconditions.java:145) ~[guava-31.1-jre.jar:?]
	at org.bukkit.craftbukkit.v1_20_R1.util.CraftMagicNumbers.getMaterial(CraftMagicNumbers.java:266) ~[paper-1.20.1.jar:git-Paper-196]
	at org.bukkit.inventory.ItemStack.deserialize(ItemStack.java:509) ~[paper-api-1.20.1-R0.1-SNAPSHOT.jar:?]
	at jdk.internal.reflect.DirectMethodHandleAccessor.invoke(Unknown Source) ~[?:?]
	at java.lang.reflect.Method.invoke(Unknown Source) ~[?:?]
	at org.bukkit.configuration.serialization.ConfigurationSerialization.deserializeViaMethod(ConfigurationSerialization.java:85) ~[paper-api-1.20.1-R0.1-SNAPSHOT.jar:?]
	at org.bukkit.configuration.serialization.ConfigurationSerialization.deserialize(ConfigurationSerialization.java:127) ~[paper-api-1.20.1-R0.1-SNAPSHOT.jar:?]
	at org.bukkit.configuration.serialization.ConfigurationSerialization.deserializeObject(ConfigurationSerialization.java:207) ~[paper-api-1.20.1-R0.1-SNAPSHOT.jar:?]
	at org.bukkit.configuration.file.YamlConstructor$ConstructCustomObject.construct(YamlConstructor.java:58) ~[paper-api-1.20.1-R0.1-SNAPSHOT.jar:?]
	at org.yaml.snakeyaml.constructor.BaseConstructor.constructObjectNoCheck(BaseConstructor.java:264) ~[snakeyaml-2.0.jar:?]
	at org.yaml.snakeyaml.constructor.BaseConstructor.constructObject(BaseConstructor.java:247) ~[snakeyaml-2.0.jar:?]
	at org.bukkit.configuration.file.YamlConstructor.construct(YamlConstructor.java:37) ~[paper-api-1.20.1-R0.1-SNAPSHOT.jar:?]
	at org.bukkit.configuration.file.YamlConfiguration.fromNodeTree(YamlConfiguration.java:163) ~[paper-api-1.20.1-R0.1-SNAPSHOT.jar:?]
	at org.bukkit.configuration.file.YamlConfiguration.loadFromString(YamlConfiguration.java:120) ~[paper-api-1.20.1-R0.1-SNAPSHOT.jar:?]
	at world.bentobox.bentobox.database.json.adapters.ItemStackTypeAdapter.read(ItemStackTypeAdapter.java:57) ~[BentoBox-2.3.0.jar:?]
	at world.bentobox.bentobox.database.json.adapters.ItemStackTypeAdapter.read(ItemStackTypeAdapter.java:24) ~[BentoBox-2.3.0.jar:?]
	at com.google.gson.internal.bind.TypeAdapterRuntimeTypeWrapper.read(TypeAdapterRuntimeTypeWrapper.java:40) ~[gson-2.10.jar:?]
	at com.google.gson.internal.bind.MapTypeAdapterFactory$Adapter.read(MapTypeAdapterFactory.java:186) ~[gson-2.10.jar:?]
	at com.google.gson.internal.bind.MapTypeAdapterFactory$Adapter.read(MapTypeAdapterFactory.java:144) ~[gson-2.10.jar:?]
	at com.google.gson.internal.bind.ReflectiveTypeAdapterFactory$1.readIntoField(ReflectiveTypeAdapterFactory.java:212) ~[gson-2.10.jar:?]
	at com.google.gson.internal.bind.ReflectiveTypeAdapterFactory$FieldReflectionAdapter.readField(ReflectiveTypeAdapterFactory.java:431) ~[gson-2.10.jar:?]
	at com.google.gson.internal.bind.ReflectiveTypeAdapterFactory$Adapter.read(ReflectiveTypeAdapterFactory.java:391) ~[gson-2.10.jar:?]
	at com.google.gson.internal.bind.TypeAdapterRuntimeTypeWrapper.read(TypeAdapterRuntimeTypeWrapper.java:40) ~[gson-2.10.jar:?]
	at com.google.gson.internal.bind.MapTypeAdapterFactory$Adapter.read(MapTypeAdapterFactory.java:173) ~[gson-2.10.jar:?]
	at com.google.gson.internal.bind.MapTypeAdapterFactory$Adapter.read(MapTypeAdapterFactory.java:144) ~[gson-2.10.jar:?]
	at com.google.gson.internal.bind.ReflectiveTypeAdapterFactory$1.readIntoField(ReflectiveTypeAdapterFactory.java:212) ~[gson-2.10.jar:?]
	at com.google.gson.internal.bind.ReflectiveTypeAdapterFactory$FieldReflectionAdapter.readField(ReflectiveTypeAdapterFactory.java:431) ~[gson-2.10.jar:?]
	at com.google.gson.internal.bind.ReflectiveTypeAdapterFactory$Adapter.read(ReflectiveTypeAdapterFactory.java:391) ~[gson-2.10.jar:?]
	at com.google.gson.Gson.fromJson(Gson.java:1214) ~[gson-2.10.jar:?]
	at com.google.gson.Gson.fromJson(Gson.java:1124) ~[gson-2.10.jar:?]
	at com.google.gson.Gson.fromJson(Gson.java:1062) ~[gson-2.10.jar:?]
	at world.bentobox.bentobox.managers.BlueprintClipboardManager.loadBlueprint(BlueprintClipboardManager.java:108) ~[BentoBox-2.3.0.jar:?]
	at world.bentobox.bentobox.managers.BlueprintsManager.loadBlueprints(BlueprintsManager.java:328) ~[BentoBox-2.3.0.jar:?]
	at world.bentobox.bentobox.managers.BlueprintsManager.lambda$loadBlueprintBundles$5(BlueprintsManager.java:200) ~[BentoBox-2.3.0.jar:?]
	at org.bukkit.craftbukkit.v1_20_R1.scheduler.CraftTask.run(CraftTask.java:101) ~[paper-1.20.1.jar:git-Paper-196]
	at org.bukkit.craftbukkit.v1_20_R1.scheduler.CraftAsyncTask.run(CraftAsyncTask.java:57) ~[paper-1.20.1.jar:git-Paper-196]
	at com.destroystokyo.paper.ServerSchedulerReportingWrapper.run(ServerSchedulerReportingWrapper.java:22) ~[paper-1.20.1.jar:?]
	at java.util.concurrent.ThreadPoolExecutor.runWorker(Unknown Source) ~[?:?]
	at java.util.concurrent.ThreadPoolExecutor$Worker.run(Unknown Source) ~[?:?]
	at java.lang.Thread.run(Unknown Source) ~[?:?]
[00:26:56] [Craft Scheduler Thread - 3 - BentoBox/ERROR]: [org.bukkit.configuration.serialization.ConfigurationSerialization] Could not call method 'public static org.bukkit.inventory.ItemStack org.bukkit.inventory.ItemStack.deserialize(java.util.Map)' of class org.bukkit.inventory.ItemStack for deserialization
java.lang.IllegalArgumentException: Newer version! Server downgrades are not supported!
	at com.google.common.base.Preconditions.checkArgument(Preconditions.java:145) ~[guava-31.1-jre.jar:?]
	at org.bukkit.craftbukkit.v1_20_R1.util.CraftMagicNumbers.getMaterial(CraftMagicNumbers.java:266) ~[paper-1.20.1.jar:git-Paper-196]
	at org.bukkit.inventory.ItemStack.deserialize(ItemStack.java:509) ~[paper-api-1.20.1-R0.1-SNAPSHOT.jar:?]
	at jdk.internal.reflect.DirectMethodHandleAccessor.invoke(Unknown Source) ~[?:?]
	at java.lang.reflect.Method.invoke(Unknown Source) ~[?:?]
	at org.bukkit.configuration.serialization.ConfigurationSerialization.deserializeViaMethod(ConfigurationSerialization.java:85) ~[paper-api-1.20.1-R0.1-SNAPSHOT.jar:?]
	at org.bukkit.configuration.serialization.ConfigurationSerialization.deserialize(ConfigurationSerialization.java:127) ~[paper-api-1.20.1-R0.1-SNAPSHOT.jar:?]
	at org.bukkit.configuration.serialization.ConfigurationSerialization.deserializeObject(ConfigurationSerialization.java:207) ~[paper-api-1.20.1-R0.1-SNAPSHOT.jar:?]
	at org.bukkit.configuration.file.YamlConstructor$ConstructCustomObject.construct(YamlConstructor.java:58) ~[paper-api-1.20.1-R0.1-SNAPSHOT.jar:?]
	at org.yaml.snakeyaml.constructor.BaseConstructor.constructObjectNoCheck(BaseConstructor.java:264) ~[snakeyaml-2.0.jar:?]
	at org.yaml.snakeyaml.constructor.BaseConstructor.constructObject(BaseConstructor.java:247) ~[snakeyaml-2.0.jar:?]
	at org.bukkit.configuration.file.YamlConstructor.construct(YamlConstructor.java:37) ~[paper-api-1.20.1-R0.1-SNAPSHOT.jar:?]
	at org.bukkit.configuration.file.YamlConfiguration.fromNodeTree(YamlConfiguration.java:163) ~[paper-api-1.20.1-R0.1-SNAPSHOT.jar:?]
	at org.bukkit.configuration.file.YamlConfiguration.loadFromString(YamlConfiguration.java:120) ~[paper-api-1.20.1-R0.1-SNAPSHOT.jar:?]
	at world.bentobox.bentobox.database.json.adapters.ItemStackTypeAdapter.read(ItemStackTypeAdapter.java:57) ~[BentoBox-2.3.0.jar:?]
	at world.bentobox.bentobox.database.json.adapters.ItemStackTypeAdapter.read(ItemStackTypeAdapter.java:24) ~[BentoBox-2.3.0.jar:?]
	at com.google.gson.internal.bind.TypeAdapterRuntimeTypeWrapper.read(TypeAdapterRuntimeTypeWrapper.java:40) ~[gson-2.10.jar:?]
	at com.google.gson.internal.bind.MapTypeAdapterFactory$Adapter.read(MapTypeAdapterFactory.java:186) ~[gson-2.10.jar:?]
	at com.google.gson.internal.bind.MapTypeAdapterFactory$Adapter.read(MapTypeAdapterFactory.java:144) ~[gson-2.10.jar:?]
	at com.google.gson.internal.bind.ReflectiveTypeAdapterFactory$1.readIntoField(ReflectiveTypeAdapterFactory.java:212) ~[gson-2.10.jar:?]
	at com.google.gson.internal.bind.ReflectiveTypeAdapterFactory$FieldReflectionAdapter.readField(ReflectiveTypeAdapterFactory.java:431) ~[gson-2.10.jar:?]
	at com.google.gson.internal.bind.ReflectiveTypeAdapterFactory$Adapter.read(ReflectiveTypeAdapterFactory.java:391) ~[gson-2.10.jar:?]
	at com.google.gson.internal.bind.TypeAdapterRuntimeTypeWrapper.read(TypeAdapterRuntimeTypeWrapper.java:40) ~[gson-2.10.jar:?]
	at com.google.gson.internal.bind.MapTypeAdapterFactory$Adapter.read(MapTypeAdapterFactory.java:173) ~[gson-2.10.jar:?]
	at com.google.gson.internal.bind.MapTypeAdapterFactory$Adapter.read(MapTypeAdapterFactory.java:144) ~[gson-2.10.jar:?]
	at com.google.gson.internal.bind.ReflectiveTypeAdapterFactory$1.readIntoField(ReflectiveTypeAdapterFactory.java:212) ~[gson-2.10.jar:?]
	at com.google.gson.internal.bind.ReflectiveTypeAdapterFactory$FieldReflectionAdapter.readField(ReflectiveTypeAdapterFactory.java:431) ~[gson-2.10.jar:?]
	at com.google.gson.internal.bind.ReflectiveTypeAdapterFactory$Adapter.read(ReflectiveTypeAdapterFactory.java:391) ~[gson-2.10.jar:?]
	at com.google.gson.Gson.fromJson(Gson.java:1214) ~[gson-2.10.jar:?]
	at com.google.gson.Gson.fromJson(Gson.java:1124) ~[gson-2.10.jar:?]
	at com.google.gson.Gson.fromJson(Gson.java:1062) ~[gson-2.10.jar:?]
	at world.bentobox.bentobox.managers.BlueprintClipboardManager.loadBlueprint(BlueprintClipboardManager.java:108) ~[BentoBox-2.3.0.jar:?]
	at world.bentobox.bentobox.managers.BlueprintsManager.loadBlueprints(BlueprintsManager.java:328) ~[BentoBox-2.3.0.jar:?]
	at world.bentobox.bentobox.managers.BlueprintsManager.lambda$loadBlueprintBundles$5(BlueprintsManager.java:200) ~[BentoBox-2.3.0.jar:?]
	at org.bukkit.craftbukkit.v1_20_R1.scheduler.CraftTask.run(CraftTask.java:101) ~[paper-1.20.1.jar:git-Paper-196]
	at org.bukkit.craftbukkit.v1_20_R1.scheduler.CraftAsyncTask.run(CraftAsyncTask.java:57) ~[paper-1.20.1.jar:git-Paper-196]
	at com.destroystokyo.paper.ServerSchedulerReportingWrapper.run(ServerSchedulerReportingWrapper.java:22) ~[paper-1.20.1.jar:?]
	at java.util.concurrent.ThreadPoolExecutor.runWorker(Unknown Source) ~[?:?]
	at java.util.concurrent.ThreadPoolExecutor$Worker.run(Unknown Source) ~[?:?]
	at java.lang.Thread.run(Unknown Source) ~[?:?]
[00:26:56] [Craft Scheduler Thread - 3 - BentoBox/INFO]: [BentoBox] Loaded blueprint 'double' for BSkyBlock
[00:26:56] [Craft Scheduler Thread - 3 - BentoBox/INFO]: [BentoBox] Loaded blueprint 'harder' for BSkyBlock
[00:26:56] [Craft Scheduler Thread - 3 - BentoBox/ERROR]: [org.bukkit.configuration.serialization.ConfigurationSerialization] Could not call method 'public static org.bukkit.inventory.ItemStack org.bukkit.inventory.ItemStack.deserialize(java.util.Map)' of class org.bukkit.inventory.ItemStack for deserialization
java.lang.IllegalArgumentException: Newer version! Server downgrades are not supported!
	at com.google.common.base.Preconditions.checkArgument(Preconditions.java:145) ~[guava-31.1-jre.jar:?]
	at org.bukkit.craftbukkit.v1_20_R1.util.CraftMagicNumbers.getMaterial(CraftMagicNumbers.java:266) ~[paper-1.20.1.jar:git-Paper-196]
	at org.bukkit.inventory.ItemStack.deserialize(ItemStack.java:509) ~[paper-api-1.20.1-R0.1-SNAPSHOT.jar:?]
	at jdk.internal.reflect.DirectMethodHandleAccessor.invoke(Unknown Source) ~[?:?]
	at java.lang.reflect.Method.invoke(Unknown Source) ~[?:?]
	at org.bukkit.configuration.serialization.ConfigurationSerialization.deserializeViaMethod(ConfigurationSerialization.java:85) ~[paper-api-1.20.1-R0.1-SNAPSHOT.jar:?]
	at org.bukkit.configuration.serialization.ConfigurationSerialization.deserialize(ConfigurationSerialization.java:127) ~[paper-api-1.20.1-R0.1-SNAPSHOT.jar:?]
	at org.bukkit.configuration.serialization.ConfigurationSerialization.deserializeObject(ConfigurationSerialization.java:207) ~[paper-api-1.20.1-R0.1-SNAPSHOT.jar:?]
	at org.bukkit.configuration.file.YamlConstructor$ConstructCustomObject.construct(YamlConstructor.java:58) ~[paper-api-1.20.1-R0.1-SNAPSHOT.jar:?]
	at org.yaml.snakeyaml.constructor.BaseConstructor.constructObjectNoCheck(BaseConstructor.java:264) ~[snakeyaml-2.0.jar:?]
	at org.yaml.snakeyaml.constructor.BaseConstructor.constructObject(BaseConstructor.java:247) ~[snakeyaml-2.0.jar:?]
	at org.bukkit.configuration.file.YamlConstructor.construct(YamlConstructor.java:37) ~[paper-api-1.20.1-R0.1-SNAPSHOT.jar:?]
	at org.bukkit.configuration.file.YamlConfiguration.fromNodeTree(YamlConfiguration.java:163) ~[paper-api-1.20.1-R0.1-SNAPSHOT.jar:?]
	at org.bukkit.configuration.file.YamlConfiguration.loadFromString(YamlConfiguration.java:120) ~[paper-api-1.20.1-R0.1-SNAPSHOT.jar:?]
	at world.bentobox.bentobox.database.json.adapters.ItemStackTypeAdapter.read(ItemStackTypeAdapter.java:57) ~[BentoBox-2.3.0.jar:?]
	at world.bentobox.bentobox.database.json.adapters.ItemStackTypeAdapter.read(ItemStackTypeAdapter.java:24) ~[BentoBox-2.3.0.jar:?]
	at com.google.gson.internal.bind.TypeAdapterRuntimeTypeWrapper.read(TypeAdapterRuntimeTypeWrapper.java:40) ~[gson-2.10.jar:?]
	at com.google.gson.internal.bind.MapTypeAdapterFactory$Adapter.read(MapTypeAdapterFactory.java:186) ~[gson-2.10.jar:?]
	at com.google.gson.internal.bind.MapTypeAdapterFactory$Adapter.read(MapTypeAdapterFactory.java:144) ~[gson-2.10.jar:?]
	at com.google.gson.internal.bind.ReflectiveTypeAdapterFactory$1.readIntoField(ReflectiveTypeAdapterFactory.java:212) ~[gson-2.10.jar:?]
	at com.google.gson.internal.bind.ReflectiveTypeAdapterFactory$FieldReflectionAdapter.readField(ReflectiveTypeAdapterFactory.java:431) ~[gson-2.10.jar:?]
	at com.google.gson.internal.bind.ReflectiveTypeAdapterFactory$Adapter.read(ReflectiveTypeAdapterFactory.java:391) ~[gson-2.10.jar:?]
	at com.google.gson.internal.bind.TypeAdapterRuntimeTypeWrapper.read(TypeAdapterRuntimeTypeWrapper.java:40) ~[gson-2.10.jar:?]
	at com.google.gson.internal.bind.MapTypeAdapterFactory$Adapter.read(MapTypeAdapterFactory.java:173) ~[gson-2.10.jar:?]
	at com.google.gson.internal.bind.MapTypeAdapterFactory$Adapter.read(MapTypeAdapterFactory.java:144) ~[gson-2.10.jar:?]
	at com.google.gson.internal.bind.ReflectiveTypeAdapterFactory$1.readIntoField(ReflectiveTypeAdapterFactory.java:212) ~[gson-2.10.jar:?]
	at com.google.gson.internal.bind.ReflectiveTypeAdapterFactory$FieldReflectionAdapter.readField(ReflectiveTypeAdapterFactory.java:431) ~[gson-2.10.jar:?]
	at com.google.gson.internal.bind.ReflectiveTypeAdapterFactory$Adapter.read(ReflectiveTypeAdapterFactory.java:391) ~[gson-2.10.jar:?]
	at com.google.gson.Gson.fromJson(Gson.java:1214) ~[gson-2.10.jar:?]
	at com.google.gson.Gson.fromJson(Gson.java:1124) ~[gson-2.10.jar:?]
	at com.google.gson.Gson.fromJson(Gson.java:1062) ~[gson-2.10.jar:?]
	at world.bentobox.bentobox.managers.BlueprintClipboardManager.loadBlueprint(BlueprintClipboardManager.java:108) ~[BentoBox-2.3.0.jar:?]
	at world.bentobox.bentobox.managers.BlueprintsManager.loadBlueprints(BlueprintsManager.java:328) ~[BentoBox-2.3.0.jar:?]
	at world.bentobox.bentobox.managers.BlueprintsManager.lambda$loadBlueprintBundles$5(BlueprintsManager.java:200) ~[BentoBox-2.3.0.jar:?]
	at org.bukkit.craftbukkit.v1_20_R1.scheduler.CraftTask.run(CraftTask.java:101) ~[paper-1.20.1.jar:git-Paper-196]
	at org.bukkit.craftbukkit.v1_20_R1.scheduler.CraftAsyncTask.run(CraftAsyncTask.java:57) ~[paper-1.20.1.jar:git-Paper-196]
	at com.destroystokyo.paper.ServerSchedulerReportingWrapper.run(ServerSchedulerReportingWrapper.java:22) ~[paper-1.20.1.jar:?]
	at java.util.concurrent.ThreadPoolExecutor.runWorker(Unknown Source) ~[?:?]
	at java.util.concurrent.ThreadPoolExecutor$Worker.run(Unknown Source) ~[?:?]
	at java.lang.Thread.run(Unknown Source) ~[?:?]
[00:26:56] [Craft Scheduler Thread - 3 - BentoBox/ERROR]: [org.bukkit.configuration.serialization.ConfigurationSerialization] Could not call method 'public static org.bukkit.inventory.ItemStack org.bukkit.inventory.ItemStack.deserialize(java.util.Map)' of class org.bukkit.inventory.ItemStack for deserialization
java.lang.IllegalArgumentException: Newer version! Server downgrades are not supported!
	at com.google.common.base.Preconditions.checkArgument(Preconditions.java:145) ~[guava-31.1-jre.jar:?]
	at org.bukkit.craftbukkit.v1_20_R1.util.CraftMagicNumbers.getMaterial(CraftMagicNumbers.java:266) ~[paper-1.20.1.jar:git-Paper-196]
	at org.bukkit.inventory.ItemStack.deserialize(ItemStack.java:509) ~[paper-api-1.20.1-R0.1-SNAPSHOT.jar:?]
	at jdk.internal.reflect.DirectMethodHandleAccessor.invoke(Unknown Source) ~[?:?]
	at java.lang.reflect.Method.invoke(Unknown Source) ~[?:?]
	at org.bukkit.configuration.serialization.ConfigurationSerialization.deserializeViaMethod(ConfigurationSerialization.java:85) ~[paper-api-1.20.1-R0.1-SNAPSHOT.jar:?]
	at org.bukkit.configuration.serialization.ConfigurationSerialization.deserialize(ConfigurationSerialization.java:127) ~[paper-api-1.20.1-R0.1-SNAPSHOT.jar:?]
	at org.bukkit.configuration.serialization.ConfigurationSerialization.deserializeObject(ConfigurationSerialization.java:207) ~[paper-api-1.20.1-R0.1-SNAPSHOT.jar:?]
	at org.bukkit.configuration.file.YamlConstructor$ConstructCustomObject.construct(YamlConstructor.java:58) ~[paper-api-1.20.1-R0.1-SNAPSHOT.jar:?]
	at org.yaml.snakeyaml.constructor.BaseConstructor.constructObjectNoCheck(BaseConstructor.java:264) ~[snakeyaml-2.0.jar:?]
	at org.yaml.snakeyaml.constructor.BaseConstructor.constructObject(BaseConstructor.java:247) ~[snakeyaml-2.0.jar:?]
	at org.bukkit.configuration.file.YamlConstructor.construct(YamlConstructor.java:37) ~[paper-api-1.20.1-R0.1-SNAPSHOT.jar:?]
	at org.bukkit.configuration.file.YamlConfiguration.fromNodeTree(YamlConfiguration.java:163) ~[paper-api-1.20.1-R0.1-SNAPSHOT.jar:?]
	at org.bukkit.configuration.file.YamlConfiguration.loadFromString(YamlConfiguration.java:120) ~[paper-api-1.20.1-R0.1-SNAPSHOT.jar:?]
	at world.bentobox.bentobox.database.json.adapters.ItemStackTypeAdapter.read(ItemStackTypeAdapter.java:57) ~[BentoBox-2.3.0.jar:?]
	at world.bentobox.bentobox.database.json.adapters.ItemStackTypeAdapter.read(ItemStackTypeAdapter.java:24) ~[BentoBox-2.3.0.jar:?]
	at com.google.gson.internal.bind.TypeAdapterRuntimeTypeWrapper.read(TypeAdapterRuntimeTypeWrapper.java:40) ~[gson-2.10.jar:?]
	at com.google.gson.internal.bind.MapTypeAdapterFactory$Adapter.read(MapTypeAdapterFactory.java:186) ~[gson-2.10.jar:?]
	at com.google.gson.internal.bind.MapTypeAdapterFactory$Adapter.read(MapTypeAdapterFactory.java:144) ~[gson-2.10.jar:?]
	at com.google.gson.internal.bind.ReflectiveTypeAdapterFactory$1.readIntoField(ReflectiveTypeAdapterFactory.java:212) ~[gson-2.10.jar:?]
	at com.google.gson.internal.bind.ReflectiveTypeAdapterFactory$FieldReflectionAdapter.readField(ReflectiveTypeAdapterFactory.java:431) ~[gson-2.10.jar:?]
	at com.google.gson.internal.bind.ReflectiveTypeAdapterFactory$Adapter.read(ReflectiveTypeAdapterFactory.java:391) ~[gson-2.10.jar:?]
	at com.google.gson.internal.bind.TypeAdapterRuntimeTypeWrapper.read(TypeAdapterRuntimeTypeWrapper.java:40) ~[gson-2.10.jar:?]
	at com.google.gson.internal.bind.MapTypeAdapterFactory$Adapter.read(MapTypeAdapterFactory.java:173) ~[gson-2.10.jar:?]
	at com.google.gson.internal.bind.MapTypeAdapterFactory$Adapter.read(MapTypeAdapterFactory.java:144) ~[gson-2.10.jar:?]
	at com.google.gson.internal.bind.ReflectiveTypeAdapterFactory$1.readIntoField(ReflectiveTypeAdapterFactory.java:212) ~[gson-2.10.jar:?]
	at com.google.gson.internal.bind.ReflectiveTypeAdapterFactory$FieldReflectionAdapter.readField(ReflectiveTypeAdapterFactory.java:431) ~[gson-2.10.jar:?]
	at com.google.gson.internal.bind.ReflectiveTypeAdapterFactory$Adapter.read(ReflectiveTypeAdapterFactory.java:391) ~[gson-2.10.jar:?]
	at com.google.gson.Gson.fromJson(Gson.java:1214) ~[gson-2.10.jar:?]
	at com.google.gson.Gson.fromJson(Gson.java:1124) ~[gson-2.10.jar:?]
	at com.google.gson.Gson.fromJson(Gson.java:1062) ~[gson-2.10.jar:?]
	at world.bentobox.bentobox.managers.BlueprintClipboardManager.loadBlueprint(BlueprintClipboardManager.java:108) ~[BentoBox-2.3.0.jar:?]
	at world.bentobox.bentobox.managers.BlueprintsManager.loadBlueprints(BlueprintsManager.java:328) ~[BentoBox-2.3.0.jar:?]
	at world.bentobox.bentobox.managers.BlueprintsManager.lambda$loadBlueprintBundles$5(BlueprintsManager.java:200) ~[BentoBox-2.3.0.jar:?]
	at org.bukkit.craftbukkit.v1_20_R1.scheduler.CraftTask.run(CraftTask.java:101) ~[paper-1.20.1.jar:git-Paper-196]
	at org.bukkit.craftbukkit.v1_20_R1.scheduler.CraftAsyncTask.run(CraftAsyncTask.java:57) ~[paper-1.20.1.jar:git-Paper-196]
	at com.destroystokyo.paper.ServerSchedulerReportingWrapper.run(ServerSchedulerReportingWrapper.java:22) ~[paper-1.20.1.jar:?]
	at java.util.concurrent.ThreadPoolExecutor.runWorker(Unknown Source) ~[?:?]
	at java.util.concurrent.ThreadPoolExecutor$Worker.run(Unknown Source) ~[?:?]
	at java.lang.Thread.run(Unknown Source) ~[?:?]
[00:26:56] [Craft Scheduler Thread - 3 - BentoBox/INFO]: [BentoBox] Loaded blueprint 'l-shaped' for BSkyBlock
[00:26:56] [Server thread/INFO]: [BentoBox] [Level] Level Addon hooked into Warps addon.
[00:26:56] [Server thread/INFO]: [BentoBox] [Challenges] Challenges Addon hooked into Level addon.
[00:26:56] [Server thread/WARN]: [BentoBox] [Challenges] Vault plugin not found. Economy will not work!
[00:26:56] [Server thread/INFO]: [BentoBox] [Biomes] Biomes Addon hooked into Bank addon.
[00:26:56] [Server thread/INFO]: [BentoBox] [Biomes] Biomes Addon hooked into Level addon.
[00:26:57] [Server thread/WARN]: [BentoBox] [Biomes] Vault plugin not found. Economy will not work!
[00:26:57] [Server thread/INFO]: [BentoBox] All blueprints loaded.
[00:26:57] [Craft Scheduler Thread - 8 - BentoBox/INFO]: [BentoBox] [Level] Generating rankings
[00:26:57] [Craft Scheduler Thread - 7 - BentoBox/INFO]: [BentoBox] Downloading data from GitHub...
[00:26:57] [Craft Scheduler Thread - 7 - BentoBox/INFO]: [BentoBox] Updating the Catalog...
[00:26:58] [Craft Scheduler Thread - 7 - BentoBox/INFO]: [BentoBox] Updating Contributors information...
[00:26:58] [Craft Scheduler Thread - 7 - BentoBox/INFO]: [BentoBox] Gathering contribution data for: BentoBoxWorld/BentoBox, BentoBoxWorld/BSkyBlock, BentoBoxWorld/Challenges, BentoBoxWorld/Biomes, BentoBoxWorld/ControlPanel
[00:27:01] [Craft Scheduler Thread - 7 - BentoBox/INFO]: [BentoBox] Successfully downloaded data from GitHub.
[00:27:12] [User Authenticator #0/INFO]: UUID of player Caalb_ is ce0a05d4-daef-47c6-91f8-05222145c5d5
[00:27:12] [Server thread/INFO]: Caalb_ joined the game
[00:27:12] [Server thread/INFO]: Caalb_[/172.23.0.1:47496] logged in with entity id 117 at ([world_void]22.11823805675451, -60.0, 4.033076364764057)
[00:27:22] [Server thread/INFO]: Caalb_ fell out of the world
[00:27:25] [Server thread/INFO]: Caalb_ has made the advancement [Stone Age]
[00:27:25] [Craft Scheduler Thread - 8 - BentoBox/INFO]: [BentoBox] Downloading data from GitHub...
[00:27:25] [Craft Scheduler Thread - 3 - BentoBox/INFO]: [BentoBox] Downloading data from GitHub...
[00:27:26] [Craft Scheduler Thread - 3 - BentoBox/INFO]: [BentoBox] Could not connect to GitHub.
[00:27:26] [Craft Scheduler Thread - 3 - BentoBox/INFO]: [BentoBox] Successfully downloaded data from GitHub.
[00:27:26] [Craft Scheduler Thread - 8 - BentoBox/INFO]: [BentoBox] Successfully downloaded data from GitHub.
[00:27:47] [Server thread/INFO]: Caalb_ issued server command: /island
[00:27:57] [Server thread/INFO]: Caalb_ issued server command: /island go
[00:27:59] [Server thread/INFO]: Caalb_ issued server command: /island go help
[00:29:47] [Server thread/INFO]: Caalb_ issued server command: /bsb bp
[00:30:09] [Async Chat Thread - #1/INFO]: <Caalb_> quit
[00:30:28] [Server thread/INFO]: Caalb_ issued server command: /mv tp word_void
[00:30:34] [Server thread/INFO]: Caalb_ issued server command: /mv list
[00:30:41] [Server thread/INFO]: Caalb_ issued server command: /mv tp world_void
[00:30:49] [Server thread/INFO]: Caalb_ issued server command: /gamemode creative
[00:30:49] [Server thread/INFO]: [Caalb_: Set own game mode to Creative Mode]
[00:30:59] [Server thread/INFO]: Caalb_ fell out of the world
[00:31:08] [Server thread/INFO]: Caalb_ issued server command: /mv tp world_void
[00:31:19] [Server thread/INFO]: Caalb_ issued server command: /gamemode creative
[00:31:19] [Server thread/INFO]: [Caalb_: Set own game mode to Creative Mode]
[00:32:23] [Server thread/INFO]: Caalb_ issued server command: /mv tp world_void
[00:32:34] [Server thread/INFO]: Caalb_ issued server command: /mv tp world_void
[00:32:43] [Server thread/INFO]: Caalb_ fell out of the world
